{"C:\\Users\\okafor jude\\Desktop\\Backend projects\\New folder\\pettysave-backend\\src\\test\\index.js":{"path":"C:\\Users\\okafor jude\\Desktop\\Backend projects\\New folder\\pettysave-backend\\src\\test\\index.js","statementMap":{"0":{"start":{"line":3,"column":0},"end":{"line":3,"column":24}},"1":{"start":{"line":5,"column":0},"end":{"line":5,"column":40}}},"fnMap":{},"branchMap":{},"s":{"0":1,"1":1},"f":{},"b":{},"inputSourceMap":{"version":3,"sources":["index.js"],"names":[],"mappings":";;AAAA;;AACA","sourceRoot":"C:\\Users\\okafor jude\\Desktop\\Backend projects\\New folder\\pettysave-backend\\src\\test\\","sourcesContent":["import \"./index.spec\";\nimport \"./controllers/auth.spec.test\";\n"]},"_coverageSchema":"1a1c01bbd47fc00a2c39e90264f33305004495a9","hash":"85cf85085e1cb2276c490b83ac5ed41451f9d2d5","contentHash":"85042eb6934de7fe60960fa939d891aed32e39141f7835d64b8f060b201e2477"},"C:\\Users\\okafor jude\\Desktop\\Backend projects\\New folder\\pettysave-backend\\src\\test\\index.spec.js":{"path":"C:\\Users\\okafor jude\\Desktop\\Backend projects\\New folder\\pettysave-backend\\src\\test\\index.spec.js","statementMap":{"0":{"start":{"line":3,"column":29},"end":{"line":3,"column":84}},"1":{"start":{"line":5,"column":30},"end":{"line":5,"column":86}},"2":{"start":{"line":7,"column":0},"end":{"line":9,"column":3}},"3":{"start":{"line":10,"column":0},"end":{"line":10,"column":28}},"4":{"start":{"line":12,"column":12},"end":{"line":12,"column":52}},"5":{"start":{"line":14,"column":16},"end":{"line":14,"column":60}},"6":{"start":{"line":16,"column":11},"end":{"line":16,"column":52}},"7":{"start":{"line":18,"column":0},"end":{"line":18,"column":26}},"8":{"start":{"line":20,"column":0},"end":{"line":20,"column":43}},"9":{"start":{"line":22,"column":0},"end":{"line":35,"column":3}},"10":{"start":{"line":23,"column":2},"end":{"line":28,"column":5}},"11":{"start":{"line":24,"column":4},"end":{"line":27,"column":7}},"12":{"start":{"line":25,"column":6},"end":{"line":25,"column":34}},"13":{"start":{"line":26,"column":6},"end":{"line":26,"column":13}},"14":{"start":{"line":29,"column":2},"end":{"line":34,"column":5}},"15":{"start":{"line":30,"column":4},"end":{"line":33,"column":7}},"16":{"start":{"line":31,"column":6},"end":{"line":31,"column":34}},"17":{"start":{"line":32,"column":6},"end":{"line":32,"column":13}},"18":{"start":{"line":36,"column":15},"end":{"line":36,"column":23}},"19":{"start":{"line":37,"column":0},"end":{"line":37,"column":30}}},"fnMap":{"0":{"name":"(anonymous_0)","decl":{"start":{"line":22,"column":69},"end":{"line":22,"column":70}},"loc":{"start":{"line":22,"column":81},"end":{"line":35,"column":1}},"line":22},"1":{"name":"(anonymous_1)","decl":{"start":{"line":23,"column":36},"end":{"line":23,"column":37}},"loc":{"start":{"line":23,"column":52},"end":{"line":28,"column":3}},"line":23},"2":{"name":"(anonymous_2)","decl":{"start":{"line":24,"column":59},"end":{"line":24,"column":60}},"loc":{"start":{"line":24,"column":79},"end":{"line":27,"column":5}},"line":24},"3":{"name":"(anonymous_3)","decl":{"start":{"line":29,"column":68},"end":{"line":29,"column":69}},"loc":{"start":{"line":29,"column":84},"end":{"line":34,"column":3}},"line":29},"4":{"name":"(anonymous_4)","decl":{"start":{"line":30,"column":66},"end":{"line":30,"column":67}},"loc":{"start":{"line":30,"column":86},"end":{"line":33,"column":5}},"line":30}},"branchMap":{},"s":{"0":1,"1":1,"2":1,"3":1,"4":1,"5":1,"6":1,"7":1,"8":1,"9":1,"10":1,"11":1,"12":1,"13":1,"14":1,"15":1,"16":1,"17":1,"18":1,"19":1},"f":{"0":1,"1":1,"2":1,"3":1,"4":1},"b":{},"inputSourceMap":{"version":3,"sources":["index.spec.js"],"names":["chai","should","use","chaiHttp","describe","it","done","request","server","get","end","err","res","have","status"],"mappings":";;;;;;;;;;;AAAA;;AACA;;AACA;;AAEAA,iBAAKC,MAAL;;AAEAD,iBAAKE,GAAL,CAASC,oBAAT;;AAEAC,QAAQ,CAAC,0DAAD,EAA6D,YAAM;AACvEC,EAAAA,EAAE,CAAC,6BAAD,EAAgC,UAACC,IAAD,EAAU;AACxCN,qBACKO,OADL,CACaC,eADb,EAEKC,GAFL,CAES,GAFT,EAGKC,GAHL,CAGS,UAACC,GAAD,EAAMC,GAAN,EAAc;AACfA,MAAAA,GAAG,CAACX,MAAJ,CAAWY,IAAX,CAAgBC,MAAhB,CAAuB,GAAvB;AACAR,MAAAA,IAAI;AACP,KANL;AAOH,GARC,CAAF;AAUAD,EAAAA,EAAE,CAAC,6DAAD,EAAgE,UAACC,IAAD,EAAU;AACxEN,qBACKO,OADL,CACaC,eADb,EAEKC,GAFL,CAES,UAFT,EAGKC,GAHL,CAGS,UAACC,GAAD,EAAMC,GAAN,EAAc;AACfA,MAAAA,GAAG,CAACX,MAAJ,CAAWY,IAAX,CAAgBC,MAAhB,CAAuB,GAAvB;AACAR,MAAAA,IAAI;AACP,KANL;AAOH,GARC,CAAF;AASH,CApBO,CAAR;eAsBeF,Q","sourceRoot":"C:\\Users\\okafor jude\\Desktop\\Backend projects\\New folder\\pettysave-backend\\src\\test\\","sourcesContent":["import chai, { expect } from \"chai\";\nimport chaiHttp from \"chai-http\";\nimport server from \"../app\";\n\nchai.should();\n\nchai.use(chaiHttp);\n\ndescribe(\"/ should display Welcome to pettysave-backend-assessment\", () => {\n    it(\"it should get the home page\", (done) => {\n        chai\n            .request(server)\n            .get(\"/\")\n            .end((err, res) => {\n                res.should.have.status(200);\n                done();\n            });\n    });\n\n    it(\"it should return 404 error not found for no existing routes\", (done) => {\n        chai\n            .request(server)\n            .get(\"/abc_zyx\")\n            .end((err, res) => {\n                res.should.have.status(404);\n                done();\n            });\n    });\n});\n\nexport default describe;"]},"_coverageSchema":"1a1c01bbd47fc00a2c39e90264f33305004495a9","hash":"a9a03176debdc71b591b4291e0a657bfd6d64cbe","contentHash":"32c9431400c5032024db224996fac16159fad01efb4a1298407d016654f19b0e"},"C:\\Users\\okafor jude\\Desktop\\Backend projects\\New folder\\pettysave-backend\\src\\app.js":{"path":"C:\\Users\\okafor jude\\Desktop\\Backend projects\\New folder\\pettysave-backend\\src\\app.js","statementMap":{"0":{"start":{"line":3,"column":29},"end":{"line":3,"column":84}},"1":{"start":{"line":5,"column":15},"end":{"line":5,"column":57}},"2":{"start":{"line":7,"column":14},"end":{"line":7,"column":55}},"3":{"start":{"line":9,"column":12},"end":{"line":9,"column":51}},"4":{"start":{"line":11,"column":20},"end":{"line":11,"column":68}},"5":{"start":{"line":13,"column":18},"end":{"line":13,"column":64}},"6":{"start":{"line":15,"column":14},"end":{"line":15,"column":55}},"7":{"start":{"line":17,"column":13},"end":{"line":17,"column":62}},"8":{"start":{"line":19,"column":0},"end":{"line":19,"column":33}},"9":{"start":{"line":21,"column":10},"end":{"line":21,"column":36}},"10":{"start":{"line":22,"column":0},"end":{"line":22,"column":33}},"11":{"start":{"line":23,"column":0},"end":{"line":23,"column":40}},"12":{"start":{"line":24,"column":0},"end":{"line":24,"column":36}},"13":{"start":{"line":25,"column":0},"end":{"line":27,"column":4}},"14":{"start":{"line":28,"column":0},"end":{"line":28,"column":41}},"15":{"start":{"line":29,"column":0},"end":{"line":29,"column":35}},"16":{"start":{"line":30,"column":0},"end":{"line":35,"column":3}},"17":{"start":{"line":31,"column":2},"end":{"line":34,"column":5}},"18":{"start":{"line":36,"column":0},"end":{"line":41,"column":3}},"19":{"start":{"line":37,"column":2},"end":{"line":40,"column":5}},"20":{"start":{"line":42,"column":0},"end":{"line":42,"column":21}}},"fnMap":{"0":{"name":"(anonymous_0)","decl":{"start":{"line":30,"column":13},"end":{"line":30,"column":14}},"loc":{"start":{"line":30,"column":42},"end":{"line":35,"column":1}},"line":30},"1":{"name":"(anonymous_1)","decl":{"start":{"line":36,"column":13},"end":{"line":36,"column":14}},"loc":{"start":{"line":36,"column":42},"end":{"line":41,"column":1}},"line":36}},"branchMap":{},"s":{"0":1,"1":1,"2":1,"3":1,"4":1,"5":1,"6":1,"7":1,"8":1,"9":1,"10":1,"11":1,"12":1,"13":1,"14":1,"15":1,"16":1,"17":1,"18":1,"19":1,"20":1},"f":{"0":1,"1":1},"b":{},"inputSourceMap":{"version":3,"sources":["app.js"],"names":["require","app","use","express","json","urlencoded","extended","router","get","request","response","status","message","all","error","module","exports"],"mappings":";;;;AAAA;;AACA;;AACA;;AACA;;AACA;;AACA;;AACA;;AAEAA,OAAO,CAAC,uBAAD,CAAP;;AAEA,IAAMC,GAAG,GAAG,0BAAZ;AAEAA,GAAG,CAACC,GAAJ,CAAQ,uBAAR;AACAD,GAAG,CAACC,GAAJ,CAAQ,wBAAO,KAAP,CAAR;AACAD,GAAG,CAACC,GAAJ,CAAQC,oBAAQC,IAAR,EAAR;AACAH,GAAG,CAACC,GAAJ,CAAQC,oBAAQE,UAAR,CAAmB;AAAEC,EAAAA,QAAQ,EAAE;AAAZ,CAAnB,CAAR;AACAL,GAAG,CAACC,GAAJ,CAAQ,+BAAR;AAEAD,GAAG,CAACC,GAAJ,CAAQ,MAAR,EAAgBK,iBAAhB;AAEAN,GAAG,CAACO,GAAJ,CAAQ,GAAR,EAAa,UAACC,OAAD,EAAUC,QAAV,EAAuB;AAClCA,EAAAA,QAAQ,CAACC,MAAT,CAAgB,GAAhB,EAAqBP,IAArB,CAA0B;AACxBO,IAAAA,MAAM,EAAE,SADgB;AAExBC,IAAAA,OAAO,EAAE;AAFe,GAA1B;AAID,CALD;AAMAX,GAAG,CAACY,GAAJ,CAAQ,GAAR,EAAa,UAACJ,OAAD,EAAUC,QAAV,EAAuB;AAClCA,EAAAA,QAAQ,CAACC,MAAT,CAAgB,GAAhB,EAAqBP,IAArB,CAA0B;AACxBO,IAAAA,MAAM,EAAE,OADgB;AAExBG,IAAAA,KAAK,EAAE;AAFiB,GAA1B;AAID,CALD;AAOAC,MAAM,CAACC,OAAP,GAAiBf,GAAjB","sourceRoot":"C:\\Users\\okafor jude\\Desktop\\Backend projects\\New folder\\pettysave-backend\\src\\","sourcesContent":["import express from \"express\";\nimport logger from \"morgan\";\nimport cors from \"cors\";\nimport cookieParser from \"cookie-parser\";\nimport createError from \"http-errors\";\nimport dotenv from \"dotenv\";\nimport router from \"./routes/index\";\n\nrequire(\"./helpers/database/db\");\n\nconst app = express();\n\napp.use(cors());\napp.use(logger(\"dev\"));\napp.use(express.json());\napp.use(express.urlencoded({ extended: false }));\napp.use(cookieParser());\n\napp.use(\"/api\", router);\n\napp.get(\"/\", (request, response) => {\n  response.status(200).json({\n    status: \"success\",\n    message: \"Welcome to pettysave-backend-assessment\",\n  });\n});\napp.all(\"*\", (request, response) => {\n  response.status(404).json({\n    status: \"error\",\n    error: \"resource not found\",\n  });\n});\n\nmodule.exports = app;\n"]},"_coverageSchema":"1a1c01bbd47fc00a2c39e90264f33305004495a9","hash":"0dafa3d2953bca97f0a672255cac8003a4fc3eb4","contentHash":"3f7dc78fdb4c179ea496ee7a2b5c6df43e2ce0329a56c76df52bfa3836787f7c"},"C:\\Users\\okafor jude\\Desktop\\Backend projects\\New folder\\pettysave-backend\\src\\routes\\index.js":{"path":"C:\\Users\\okafor jude\\Desktop\\Backend projects\\New folder\\pettysave-backend\\src\\routes\\index.js","statementMap":{"0":{"start":{"line":3,"column":29},"end":{"line":3,"column":84}},"1":{"start":{"line":5,"column":0},"end":{"line":7,"column":3}},"2":{"start":{"line":8,"column":0},"end":{"line":8,"column":28}},"3":{"start":{"line":10,"column":15},"end":{"line":10,"column":33}},"4":{"start":{"line":12,"column":12},"end":{"line":12,"column":53}},"5":{"start":{"line":14,"column":12},"end":{"line":14,"column":53}},"6":{"start":{"line":16,"column":13},"end":{"line":16,"column":34}},"7":{"start":{"line":17,"column":0},"end":{"line":17,"column":36}},"8":{"start":{"line":18,"column":0},"end":{"line":18,"column":36}},"9":{"start":{"line":19,"column":15},"end":{"line":19,"column":21}},"10":{"start":{"line":20,"column":0},"end":{"line":20,"column":30}}},"fnMap":{},"branchMap":{},"s":{"0":1,"1":1,"2":1,"3":1,"4":1,"5":1,"6":1,"7":1,"8":1,"9":1,"10":1},"f":{},"b":{},"inputSourceMap":{"version":3,"sources":["index.js"],"names":["router","Router","use","userRoute","taskRoute"],"mappings":";;;;;;;;;AAAA;;AACA;;AACA;;AAEA,IAAMA,MAAM,GAAG,IAAIC,eAAJ,EAAf;AAEAD,MAAM,CAACE,GAAP,CAAW,KAAX,EAAkBC,gBAAlB;AACAH,MAAM,CAACE,GAAP,CAAW,KAAX,EAAkBE,gBAAlB;eAEeJ,M","sourceRoot":"C:\\Users\\okafor jude\\Desktop\\Backend projects\\New folder\\pettysave-backend\\src\\routes\\","sourcesContent":["import { Router } from \"express\";\nimport userRoute from \"./auth\";\nimport taskRoute from \"./task\";\n\nconst router = new Router();\n\nrouter.use(\"/v1\", userRoute);\nrouter.use(\"/v1\", taskRoute);\n\nexport default router;"]},"_coverageSchema":"1a1c01bbd47fc00a2c39e90264f33305004495a9","hash":"53c6f2fb99ad1bd95a5ce731927118c3d6a3e1c6","contentHash":"feee409939c330c9217902b8a963c9d10d79aff432b2bffaa8413627fef38e53"},"C:\\Users\\okafor jude\\Desktop\\Backend projects\\New folder\\pettysave-backend\\src\\routes\\auth.js":{"path":"C:\\Users\\okafor jude\\Desktop\\Backend projects\\New folder\\pettysave-backend\\src\\routes\\auth.js","statementMap":{"0":{"start":{"line":3,"column":29},"end":{"line":3,"column":84}},"1":{"start":{"line":5,"column":0},"end":{"line":7,"column":3}},"2":{"start":{"line":8,"column":0},"end":{"line":8,"column":28}},"3":{"start":{"line":10,"column":15},"end":{"line":10,"column":33}},"4":{"start":{"line":12,"column":12},"end":{"line":12,"column":66}},"5":{"start":{"line":14,"column":20},"end":{"line":14,"column":50}},"6":{"start":{"line":15,"column":17},"end":{"line":15,"column":44}},"7":{"start":{"line":16,"column":23},"end":{"line":16,"column":56}},"8":{"start":{"line":17,"column":13},"end":{"line":17,"column":34}},"9":{"start":{"line":18,"column":0},"end":{"line":18,"column":40}},"10":{"start":{"line":19,"column":0},"end":{"line":19,"column":34}},"11":{"start":{"line":20,"column":0},"end":{"line":20,"column":48}},"12":{"start":{"line":21,"column":0},"end":{"line":21,"column":37}},"13":{"start":{"line":22,"column":15},"end":{"line":22,"column":21}},"14":{"start":{"line":23,"column":0},"end":{"line":23,"column":30}}},"fnMap":{},"branchMap":{},"s":{"0":1,"1":1,"2":1,"3":1,"4":1,"5":1,"6":1,"7":1,"8":1,"9":1,"10":1,"11":1,"12":1,"13":1,"14":1},"f":{},"b":{},"inputSourceMap":{"version":3,"sources":["auth.js"],"names":["registerUsers","userController","loginUsers","refreshTokenUser","router","Router","post"],"mappings":";;;;;;;;;AAAA;;AACA;;IAEQA,a,GAAgDC,gB,CAAhDD,a;IAAeE,U,GAAiCD,gB,CAAjCC,U;IAAYC,gB,GAAqBF,gB,CAArBE,gB;AAEnC,IAAMC,MAAM,GAAG,IAAIC,eAAJ,EAAf;AAEAD,MAAM,CAACE,IAAP,CAAY,WAAZ,EAAyBN,aAAzB;AACAI,MAAM,CAACE,IAAP,CAAY,QAAZ,EAAsBJ,UAAtB;AACAE,MAAM,CAACE,IAAP,CAAY,gBAAZ,EAA8BH,gBAA9B;AACAC,MAAM,CAACE,IAAP,CAAY,KAAZ,EAAmBH,gBAAnB;eAEeC,M","sourceRoot":"C:\\Users\\okafor jude\\Desktop\\Backend projects\\New folder\\pettysave-backend\\src\\routes\\","sourcesContent":["import { Router } from \"express\";\nimport userController from \"../controllers/auth\";\n\nconst { registerUsers, loginUsers, refreshTokenUser } = userController;\n\nconst router = new Router();\n\nrouter.post(\"/register\", registerUsers);\nrouter.post(\"/login\", loginUsers);\nrouter.post(\"/refresh-token\", refreshTokenUser);\nrouter.post(\"/me\", refreshTokenUser);\n\nexport default router;"]},"_coverageSchema":"1a1c01bbd47fc00a2c39e90264f33305004495a9","hash":"f3c035f4a62e8356938b14aa5053e548b6ce5d83","contentHash":"aaf31831753df82b294ff6a64febcbe718d5ed70e2e855665a125ed5e0430f4d"},"C:\\Users\\okafor jude\\Desktop\\Backend projects\\New folder\\pettysave-backend\\src\\controllers\\auth.js":{"path":"C:\\Users\\okafor jude\\Desktop\\Backend projects\\New folder\\pettysave-backend\\src\\controllers\\auth.js","statementMap":{"0":{"start":{"line":3,"column":29},"end":{"line":3,"column":84}},"1":{"start":{"line":5,"column":0},"end":{"line":7,"column":3}},"2":{"start":{"line":8,"column":0},"end":{"line":8,"column":28}},"3":{"start":{"line":10,"column":19},"end":{"line":10,"column":80}},"4":{"start":{"line":12,"column":25},"end":{"line":12,"column":99}},"5":{"start":{"line":14,"column":23},"end":{"line":14,"column":95}},"6":{"start":{"line":16,"column":20},"end":{"line":16,"column":89}},"7":{"start":{"line":18,"column":18},"end":{"line":18,"column":64}},"8":{"start":{"line":20,"column":12},"end":{"line":20,"column":61}},"9":{"start":{"line":22,"column":13},"end":{"line":22,"column":50}},"10":{"start":{"line":24,"column":11},"end":{"line":24,"column":66}},"11":{"start":{"line":26,"column":14},"end":{"line":26,"column":72}},"12":{"start":{"line":28,"column":20},"end":{"line":28,"column":49}},"13":{"start":{"line":29,"column":19},"end":{"line":29,"column":47}},"14":{"start":{"line":30,"column":25},"end":{"line":30,"column":59}},"15":{"start":{"line":31,"column":19},"end":{"line":31,"column":50}},"16":{"start":{"line":32,"column":22},"end":{"line":32,"column":56}},"17":{"start":{"line":34,"column":34},"end":{"line":292,"column":3}},"18":{"start":{"line":36,"column":4},"end":{"line":36,"column":59}},"19":{"start":{"line":39,"column":2},"end":{"line":290,"column":6}},"20":{"start":{"line":42,"column":27},"end":{"line":115,"column":9}},"21":{"start":{"line":44,"column":8},"end":{"line":114,"column":37}},"22":{"start":{"line":45,"column":10},"end":{"line":113,"column":11}},"23":{"start":{"line":46,"column":12},"end":{"line":112,"column":13}},"24":{"start":{"line":48,"column":16},"end":{"line":48,"column":34}},"25":{"start":{"line":49,"column":16},"end":{"line":49,"column":34}},"26":{"start":{"line":50,"column":16},"end":{"line":50,"column":69}},"27":{"start":{"line":53,"column":16},"end":{"line":53,"column":39}},"28":{"start":{"line":54,"column":16},"end":{"line":54,"column":34}},"29":{"start":{"line":55,"column":16},"end":{"line":55,"column":53}},"30":{"start":{"line":58,"column":16},"end":{"line":58,"column":48}},"31":{"start":{"line":59,"column":16},"end":{"line":59,"column":34}},"32":{"start":{"line":60,"column":16},"end":{"line":62,"column":19}},"33":{"start":{"line":65,"column":16},"end":{"line":65,"column":43}},"34":{"start":{"line":67,"column":16},"end":{"line":70,"column":17}},"35":{"start":{"line":68,"column":18},"end":{"line":68,"column":37}},"36":{"start":{"line":69,"column":18},"end":{"line":69,"column":24}},"37":{"start":{"line":72,"column":16},"end":{"line":72,"column":98}},"38":{"start":{"line":75,"column":16},"end":{"line":75,"column":52}},"39":{"start":{"line":76,"column":16},"end":{"line":76,"column":35}},"40":{"start":{"line":77,"column":16},"end":{"line":77,"column":35}},"41":{"start":{"line":80,"column":16},"end":{"line":80,"column":35}},"42":{"start":{"line":81,"column":16},"end":{"line":83,"column":19}},"43":{"start":{"line":86,"column":16},"end":{"line":86,"column":38}},"44":{"start":{"line":87,"column":16},"end":{"line":87,"column":35}},"45":{"start":{"line":88,"column":16},"end":{"line":90,"column":19}},"46":{"start":{"line":93,"column":16},"end":{"line":93,"column":47}},"47":{"start":{"line":94,"column":16},"end":{"line":99,"column":19}},"48":{"start":{"line":100,"column":16},"end":{"line":100,"column":35}},"49":{"start":{"line":101,"column":16},"end":{"line":101,"column":22}},"50":{"start":{"line":104,"column":16},"end":{"line":104,"column":35}},"51":{"start":{"line":105,"column":16},"end":{"line":105,"column":51}},"52":{"start":{"line":106,"column":16},"end":{"line":106,"column":73}},"53":{"start":{"line":106,"column":48},"end":{"line":106,"column":73}},"54":{"start":{"line":107,"column":16},"end":{"line":107,"column":34}},"55":{"start":{"line":111,"column":16},"end":{"line":111,"column":39}},"56":{"start":{"line":118,"column":8},"end":{"line":118,"column":53}},"57":{"start":{"line":121,"column":6},"end":{"line":121,"column":27}},"58":{"start":{"line":127,"column":24},"end":{"line":217,"column":9}},"59":{"start":{"line":129,"column":8},"end":{"line":216,"column":38}},"60":{"start":{"line":130,"column":10},"end":{"line":215,"column":11}},"61":{"start":{"line":131,"column":12},"end":{"line":214,"column":13}},"62":{"start":{"line":133,"column":16},"end":{"line":133,"column":35}},"63":{"start":{"line":134,"column":16},"end":{"line":134,"column":35}},"64":{"start":{"line":135,"column":16},"end":{"line":135,"column":70}},"65":{"start":{"line":138,"column":16},"end":{"line":138,"column":40}},"66":{"start":{"line":139,"column":16},"end":{"line":139,"column":35}},"67":{"start":{"line":140,"column":16},"end":{"line":142,"column":19}},"68":{"start":{"line":145,"column":16},"end":{"line":145,"column":38}},"69":{"start":{"line":147,"column":16},"end":{"line":150,"column":17}},"70":{"start":{"line":148,"column":18},"end":{"line":148,"column":37}},"71":{"start":{"line":149,"column":18},"end":{"line":149,"column":24}},"72":{"start":{"line":152,"column":16},"end":{"line":152,"column":77}},"73":{"start":{"line":155,"column":16},"end":{"line":155,"column":36}},"74":{"start":{"line":156,"column":16},"end":{"line":156,"column":71}},"75":{"start":{"line":159,"column":16},"end":{"line":159,"column":39}},"76":{"start":{"line":161,"column":16},"end":{"line":164,"column":17}},"77":{"start":{"line":162,"column":18},"end":{"line":162,"column":38}},"78":{"start":{"line":163,"column":18},"end":{"line":163,"column":24}},"79":{"start":{"line":166,"column":16},"end":{"line":166,"column":36}},"80":{"start":{"line":167,"column":16},"end":{"line":169,"column":19}},"81":{"start":{"line":172,"column":16},"end":{"line":172,"column":39}},"82":{"start":{"line":173,"column":16},"end":{"line":173,"column":36}},"83":{"start":{"line":174,"column":16},"end":{"line":176,"column":19}},"84":{"start":{"line":179,"column":16},"end":{"line":179,"column":48}},"85":{"start":{"line":180,"column":16},"end":{"line":180,"column":48}},"86":{"start":{"line":181,"column":16},"end":{"line":186,"column":19}},"87":{"start":{"line":187,"column":16},"end":{"line":187,"column":36}},"88":{"start":{"line":188,"column":16},"end":{"line":188,"column":22}},"89":{"start":{"line":191,"column":16},"end":{"line":191,"column":86}},"90":{"start":{"line":194,"column":16},"end":{"line":194,"column":36}},"91":{"start":{"line":195,"column":16},"end":{"line":195,"column":22}},"92":{"start":{"line":198,"column":16},"end":{"line":198,"column":36}},"93":{"start":{"line":199,"column":16},"end":{"line":199,"column":53}},"94":{"start":{"line":201,"column":16},"end":{"line":204,"column":17}},"95":{"start":{"line":202,"column":18},"end":{"line":202,"column":38}},"96":{"start":{"line":203,"column":18},"end":{"line":203,"column":24}},"97":{"start":{"line":206,"column":16},"end":{"line":206,"column":117}},"98":{"start":{"line":209,"column":16},"end":{"line":209,"column":35}},"99":{"start":{"line":213,"column":16},"end":{"line":213,"column":40}},"100":{"start":{"line":220,"column":8},"end":{"line":220,"column":50}},"101":{"start":{"line":223,"column":6},"end":{"line":223,"column":24}},"102":{"start":{"line":228,"column":30},"end":{"line":282,"column":9}},"103":{"start":{"line":230,"column":8},"end":{"line":281,"column":38}},"104":{"start":{"line":231,"column":10},"end":{"line":280,"column":11}},"105":{"start":{"line":232,"column":12},"end":{"line":279,"column":13}},"106":{"start":{"line":234,"column":16},"end":{"line":234,"column":35}},"107":{"start":{"line":235,"column":16},"end":{"line":235,"column":61}},"108":{"start":{"line":237,"column":16},"end":{"line":240,"column":17}},"109":{"start":{"line":238,"column":18},"end":{"line":238,"column":37}},"110":{"start":{"line":239,"column":18},"end":{"line":239,"column":24}},"111":{"start":{"line":242,"column":16},"end":{"line":242,"column":58}},"112":{"start":{"line":245,"column":16},"end":{"line":245,"column":35}},"113":{"start":{"line":246,"column":16},"end":{"line":246,"column":58}},"114":{"start":{"line":249,"column":16},"end":{"line":249,"column":38}},"115":{"start":{"line":250,"column":16},"end":{"line":250,"column":35}},"116":{"start":{"line":251,"column":16},"end":{"line":253,"column":19}},"117":{"start":{"line":256,"column":16},"end":{"line":256,"column":39}},"118":{"start":{"line":257,"column":16},"end":{"line":257,"column":36}},"119":{"start":{"line":258,"column":16},"end":{"line":260,"column":19}},"120":{"start":{"line":263,"column":16},"end":{"line":263,"column":41}},"121":{"start":{"line":264,"column":16},"end":{"line":267,"column":19}},"122":{"start":{"line":268,"column":16},"end":{"line":268,"column":36}},"123":{"start":{"line":269,"column":16},"end":{"line":269,"column":22}},"124":{"start":{"line":272,"column":16},"end":{"line":272,"column":36}},"125":{"start":{"line":273,"column":16},"end":{"line":273,"column":53}},"126":{"start":{"line":274,"column":16},"end":{"line":274,"column":35}},"127":{"start":{"line":278,"column":16},"end":{"line":278,"column":40}},"128":{"start":{"line":285,"column":8},"end":{"line":285,"column":56}},"129":{"start":{"line":288,"column":6},"end":{"line":288,"column":30}},"130":{"start":{"line":291,"column":2},"end":{"line":291,"column":24}},"131":{"start":{"line":294,"column":0},"end":{"line":294,"column":36}}},"fnMap":{"0":{"name":"(anonymous_0)","decl":{"start":{"line":34,"column":34},"end":{"line":34,"column":35}},"loc":{"start":{"line":34,"column":46},"end":{"line":292,"column":1}},"line":34},"1":{"name":"userController","decl":{"start":{"line":35,"column":11},"end":{"line":35,"column":25}},"loc":{"start":{"line":35,"column":28},"end":{"line":37,"column":3}},"line":35},"2":{"name":"(anonymous_2)","decl":{"start":{"line":41,"column":11},"end":{"line":41,"column":12}},"loc":{"start":{"line":41,"column":23},"end":{"line":122,"column":5}},"line":41},"3":{"name":"_callee","decl":{"start":{"line":42,"column":114},"end":{"line":42,"column":121}},"loc":{"start":{"line":42,"column":147},"end":{"line":115,"column":7}},"line":42},"4":{"name":"_callee$","decl":{"start":{"line":44,"column":53},"end":{"line":44,"column":61}},"loc":{"start":{"line":44,"column":72},"end":{"line":114,"column":9}},"line":44},"5":{"name":"registerUsers","decl":{"start":{"line":117,"column":15},"end":{"line":117,"column":28}},"loc":{"start":{"line":117,"column":43},"end":{"line":119,"column":7}},"line":117},"6":{"name":"(anonymous_6)","decl":{"start":{"line":126,"column":11},"end":{"line":126,"column":12}},"loc":{"start":{"line":126,"column":23},"end":{"line":224,"column":5}},"line":126},"7":{"name":"_callee2","decl":{"start":{"line":127,"column":111},"end":{"line":127,"column":119}},"loc":{"start":{"line":127,"column":145},"end":{"line":217,"column":7}},"line":127},"8":{"name":"_callee2$","decl":{"start":{"line":129,"column":53},"end":{"line":129,"column":62}},"loc":{"start":{"line":129,"column":74},"end":{"line":216,"column":9}},"line":129},"9":{"name":"loginUsers","decl":{"start":{"line":219,"column":15},"end":{"line":219,"column":25}},"loc":{"start":{"line":219,"column":41},"end":{"line":221,"column":7}},"line":219},"10":{"name":"(anonymous_10)","decl":{"start":{"line":227,"column":11},"end":{"line":227,"column":12}},"loc":{"start":{"line":227,"column":23},"end":{"line":289,"column":5}},"line":227},"11":{"name":"_callee3","decl":{"start":{"line":228,"column":117},"end":{"line":228,"column":125}},"loc":{"start":{"line":228,"column":151},"end":{"line":282,"column":7}},"line":228},"12":{"name":"_callee3$","decl":{"start":{"line":230,"column":53},"end":{"line":230,"column":62}},"loc":{"start":{"line":230,"column":74},"end":{"line":281,"column":9}},"line":230},"13":{"name":"refreshTokenUser","decl":{"start":{"line":284,"column":15},"end":{"line":284,"column":31}},"loc":{"start":{"line":284,"column":47},"end":{"line":286,"column":7}},"line":284}},"branchMap":{"0":{"loc":{"start":{"line":46,"column":12},"end":{"line":112,"column":13}},"type":"switch","locations":[{"start":{"line":47,"column":14},"end":{"line":50,"column":69}},{"start":{"line":52,"column":14},"end":{"line":55,"column":53}},{"start":{"line":57,"column":14},"end":{"line":62,"column":19}},{"start":{"line":64,"column":14},"end":{"line":72,"column":98}},{"start":{"line":74,"column":14},"end":{"line":77,"column":35}},{"start":{"line":79,"column":14},"end":{"line":83,"column":19}},{"start":{"line":85,"column":14},"end":{"line":90,"column":19}},{"start":{"line":92,"column":14},"end":{"line":101,"column":22}},{"start":{"line":103,"column":14},"end":{"line":107,"column":34}},{"start":{"line":109,"column":14},"end":{"line":109,"column":22}},{"start":{"line":110,"column":14},"end":{"line":111,"column":39}}],"line":46},"1":{"loc":{"start":{"line":67,"column":16},"end":{"line":70,"column":17}},"type":"if","locations":[{"start":{"line":67,"column":16},"end":{"line":70,"column":17}},{"start":{"line":67,"column":16},"end":{"line":70,"column":17}}],"line":67},"2":{"loc":{"start":{"line":106,"column":16},"end":{"line":106,"column":73}},"type":"if","locations":[{"start":{"line":106,"column":16},"end":{"line":106,"column":73}},{"start":{"line":106,"column":16},"end":{"line":106,"column":73}}],"line":106},"3":{"loc":{"start":{"line":131,"column":12},"end":{"line":214,"column":13}},"type":"switch","locations":[{"start":{"line":132,"column":14},"end":{"line":135,"column":70}},{"start":{"line":137,"column":14},"end":{"line":142,"column":19}},{"start":{"line":144,"column":14},"end":{"line":152,"column":77}},{"start":{"line":154,"column":14},"end":{"line":156,"column":71}},{"start":{"line":158,"column":14},"end":{"line":169,"column":19}},{"start":{"line":171,"column":14},"end":{"line":176,"column":19}},{"start":{"line":178,"column":14},"end":{"line":188,"column":22}},{"start":{"line":190,"column":14},"end":{"line":191,"column":86}},{"start":{"line":193,"column":14},"end":{"line":195,"column":22}},{"start":{"line":197,"column":14},"end":{"line":206,"column":117}},{"start":{"line":208,"column":14},"end":{"line":209,"column":35}},{"start":{"line":211,"column":14},"end":{"line":211,"column":22}},{"start":{"line":212,"column":14},"end":{"line":213,"column":40}}],"line":131},"4":{"loc":{"start":{"line":147,"column":16},"end":{"line":150,"column":17}},"type":"if","locations":[{"start":{"line":147,"column":16},"end":{"line":150,"column":17}},{"start":{"line":147,"column":16},"end":{"line":150,"column":17}}],"line":147},"5":{"loc":{"start":{"line":161,"column":16},"end":{"line":164,"column":17}},"type":"if","locations":[{"start":{"line":161,"column":16},"end":{"line":164,"column":17}},{"start":{"line":161,"column":16},"end":{"line":164,"column":17}}],"line":161},"6":{"loc":{"start":{"line":201,"column":16},"end":{"line":204,"column":17}},"type":"if","locations":[{"start":{"line":201,"column":16},"end":{"line":204,"column":17}},{"start":{"line":201,"column":16},"end":{"line":204,"column":17}}],"line":201},"7":{"loc":{"start":{"line":232,"column":12},"end":{"line":279,"column":13}},"type":"switch","locations":[{"start":{"line":233,"column":14},"end":{"line":242,"column":58}},{"start":{"line":244,"column":14},"end":{"line":246,"column":58}},{"start":{"line":248,"column":14},"end":{"line":253,"column":19}},{"start":{"line":255,"column":14},"end":{"line":260,"column":19}},{"start":{"line":262,"column":14},"end":{"line":269,"column":22}},{"start":{"line":271,"column":14},"end":{"line":274,"column":35}},{"start":{"line":276,"column":14},"end":{"line":276,"column":22}},{"start":{"line":277,"column":14},"end":{"line":278,"column":40}}],"line":232},"8":{"loc":{"start":{"line":237,"column":16},"end":{"line":240,"column":17}},"type":"if","locations":[{"start":{"line":237,"column":16},"end":{"line":240,"column":17}},{"start":{"line":237,"column":16},"end":{"line":240,"column":17}}],"line":237}},"s":{"0":1,"1":1,"2":1,"3":1,"4":1,"5":1,"6":1,"7":1,"8":1,"9":1,"10":1,"11":1,"12":1,"13":1,"14":1,"15":1,"16":1,"17":1,"18":0,"19":1,"20":1,"21":3,"22":12,"23":12,"24":3,"25":3,"26":3,"27":2,"28":2,"29":2,"30":2,"31":2,"32":2,"33":2,"34":2,"35":0,"36":0,"37":2,"38":0,"39":0,"40":0,"41":0,"42":0,"43":0,"44":0,"45":0,"46":0,"47":0,"48":0,"49":0,"50":3,"51":3,"52":3,"53":1,"54":3,"55":3,"56":3,"57":1,"58":1,"59":3,"60":12,"61":15,"62":3,"63":3,"64":3,"65":1,"66":1,"67":1,"68":1,"69":1,"70":1,"71":1,"72":0,"73":1,"74":1,"75":1,"76":1,"77":0,"78":0,"79":1,"80":1,"81":1,"82":1,"83":1,"84":1,"85":1,"86":1,"87":1,"88":1,"89":0,"90":1,"91":1,"92":2,"93":2,"94":2,"95":0,"96":0,"97":2,"98":0,"99":3,"100":3,"101":1,"102":1,"103":2,"104":4,"105":5,"106":2,"107":2,"108":2,"109":1,"110":1,"111":1,"112":1,"113":1,"114":0,"115":0,"116":0,"117":0,"118":0,"119":0,"120":0,"121":0,"122":0,"123":0,"124":2,"125":2,"126":2,"127":2,"128":2,"129":1,"130":1,"131":1},"f":{"0":1,"1":0,"2":1,"3":3,"4":12,"5":3,"6":1,"7":3,"8":12,"9":3,"10":1,"11":2,"12":4,"13":2},"b":{"0":[3,2,2,2,0,0,0,0,3,3,3],"1":[0,2],"2":[1,2],"3":[3,1,1,1,1,1,1,0,1,2,0,1,3],"4":[1,0],"5":[0,1],"6":[0,2],"7":[2,1,0,0,0,2,2,2],"8":[1,1]},"inputSourceMap":{"version":3,"sources":["auth.js"],"names":["generateToken","jwtHelper","refreshToken","verifyRefreshToken","hashPassword","bcryptHelper","comparePassword","userController","request","response","next","authSchema","validateAsync","body","result","password","User","findOne","email","emailExist","createError","Conflict","user","save","token","refreshedToken","send","message","access_token","refresh_token","isJoi","status","loginSchema","NotFound","match","cookie","accessToken","Unauthorized","BadRequest","refresh"],"mappings":";;;;;;;;;;;;;;;;;AAAA;;AACA;;AACA;;AACA;;AACA;;IAEQA,a,GAAoDC,e,CAApDD,a;IAAeE,Y,GAAqCD,e,CAArCC,Y;IAAcC,kB,GAAuBF,e,CAAvBE,kB;IAC7BC,Y,GAAkCC,kB,CAAlCD,Y;IAAcE,e,GAAoBD,kB,CAApBC,e;;IAEDC,c;;;;;;;;yGACjB,iBAA2BC,OAA3B,EAAoCC,QAApC,EAA8CC,IAA9C;AAAA;AAAA;AAAA;AAAA;AAAA;AAAA;AAAA;AAAA,uBAE6BC,kBAAWC,aAAX,CAAyBJ,OAAO,CAACK,IAAjC,CAF7B;;AAAA;AAEcC,gBAAAA,MAFd;AAAA;AAAA,uBAIgCV,YAAY,CAACU,MAAM,CAACC,QAAR,CAJ5C;;AAAA;AAIQD,gBAAAA,MAAM,CAACC,QAJf;AAAA;AAAA,uBAMiCC,iBAAKC,OAAL,CAAa;AAAEC,kBAAAA,KAAK,EAAEJ,MAAM,CAACI;AAAhB,iBAAb,CANjC;;AAAA;AAMcC,gBAAAA,UANd;;AAAA,qBAOYA,UAPZ;AAAA;AAAA;AAAA;;AAAA,sBAQkBC,uBAAYC,QAAZ,WAAwBP,MAAM,CAACI,KAA/B,qBARlB;;AAAA;AAUcI,gBAAAA,IAVd,GAUqB,IAAIN,gBAAJ,CAASF,MAAT,CAVrB;AAAA;AAAA,uBAWcQ,IAAI,CAACC,IAAL,EAXd;;AAAA;AAAA;AAAA,uBAa4BvB,aAAa,CAAC;AAAEsB,kBAAAA,IAAI,EAAJA;AAAF,iBAAD,CAbzC;;AAAA;AAacE,gBAAAA,KAbd;AAAA;AAAA,uBAcqCtB,YAAY,CAAC;AAAEoB,kBAAAA,IAAI,EAAJA;AAAF,iBAAD,CAdjD;;AAAA;AAccG,gBAAAA,cAdd;AAeQhB,gBAAAA,QAAQ,CAACiB,IAAT,CAAc;AACVC,kBAAAA,OAAO,EAAE,yBADC;AAEVL,kBAAAA,IAAI,EAAJA,IAFU;AAGVM,kBAAAA,YAAY,EAAEJ,KAHJ;AAIVK,kBAAAA,aAAa,EAAEJ;AAJL,iBAAd;AAfR;AAAA;;AAAA;AAAA;AAAA;AAsBQ,oBAAI,YAAMK,KAAN,KAAgB,IAApB,EAA0B,YAAMC,MAAN,GAAe,GAAf;AAC1BrB,gBAAAA,IAAI,aAAJ;;AAvBR;AAAA;AAAA;AAAA;AAAA;AAAA;AAAA,O;;;;;;;QA2BA;;;;;sGACA,kBAAwBF,OAAxB,EAAiCC,QAAjC,EAA2CC,IAA3C;AAAA;AAAA;AAAA;AAAA;AAAA;AAAA;AAAA;AAAA,uBAE6BsB,mBAAYpB,aAAZ,CAA0BJ,OAAO,CAACK,IAAlC,CAF7B;;AAAA;AAEcC,gBAAAA,MAFd;AAAA;AAAA,uBAI2BE,iBAAKC,OAAL,CAAa;AAAEC,kBAAAA,KAAK,EAAEJ,MAAM,CAACI;AAAhB,iBAAb,CAJ3B;;AAAA;AAIcI,gBAAAA,IAJd;;AAAA,oBAKaA,IALb;AAAA;AAAA;AAAA;;AAAA,sBAMkBF,uBAAYa,QAAZ,CAAqB,qBAArB,CANlB;;AAAA;AAAA;AAAA,uBAS4B3B,eAAe,CAACgB,IAAI,CAACP,QAAN,EAAgBD,MAAM,CAACC,QAAvB,CAT3C;;AAAA;AAScmB,gBAAAA,KATd;;AAAA,qBAWYA,KAXZ;AAAA;AAAA;AAAA;;AAAA;AAAA,uBAYgClC,aAAa,CAAC;AAAEsB,kBAAAA,IAAI,EAAJA;AAAF,iBAAD,CAZ7C;;AAAA;AAYkBE,gBAAAA,KAZlB;AAAA;AAAA,uBAayCtB,YAAY,CAAC;AAAEoB,kBAAAA,IAAI,EAAJA;AAAF,iBAAD,CAbrD;;AAAA;AAakBG,gBAAAA,cAblB;AAcYhB,gBAAAA,QAAQ,CAAC0B,MAAT,CAAgB,OAAhB,EAAyBX,KAAzB;AACAf,gBAAAA,QAAQ,CAACiB,IAAT,CAAc;AACVC,kBAAAA,OAAO,EAAE,YADC;AAEVL,kBAAAA,IAAI,EAAJA,IAFU;AAGVc,kBAAAA,WAAW,EAAEZ,KAHH;AAIVtB,kBAAAA,YAAY,EAAEuB;AAJJ,iBAAd;AAfZ;AAAA;;AAAA;AAAA,sBAsBkBL,uBAAYiB,YAAZ,CAAyB,0BAAzB,CAtBlB;;AAAA;AAAA;AAAA;;AAAA;AAAA;AAAA;;AAAA,sBAyBY,aAAMP,KAAN,KAAgB,IAzB5B;AAAA;AAAA;AAAA;;AAAA,kDA0BmBpB,IAAI,CAACU,uBAAYkB,UAAZ,CAAuB,wBAAvB,CAAD,CA1BvB;;AAAA;AA4BQ5B,gBAAAA,IAAI,cAAJ;;AA5BR;AAAA;AAAA;AAAA;AAAA;AAAA;AAAA,O;;;;;;;;;;;4GAgCA,kBAA8BF,OAA9B,EAAuCC,QAAvC,EAAiDC,IAAjD;AAAA;AAAA;AAAA;AAAA;AAAA;AAAA;AAEgBe,gBAAAA,cAFhB,GAEmCjB,OAAO,CAACK,IAF3C,CAEgBY,cAFhB;;AAAA,oBAGaA,cAHb;AAAA;AAAA;AAAA;;AAAA,sBAGmCL,uBAAYkB,UAAZ,EAHnC;;AAAA;AAAA;AAAA,uBAI2BnC,kBAAkB,CAACsB,cAAD,CAJ7C;;AAAA;AAIcH,gBAAAA,IAJd;AAAA;AAAA,uBAK4BtB,aAAa,CAAC;AAAEsB,kBAAAA,IAAI,EAAJA;AAAF,iBAAD,CALzC;;AAAA;AAKcE,gBAAAA,KALd;AAAA;AAAA,uBAM8BtB,YAAY,CAAC;AAAEoB,kBAAAA,IAAI,EAAJA;AAAF,iBAAD,CAN1C;;AAAA;AAMciB,gBAAAA,OANd;AAOQ9B,gBAAAA,QAAQ,CAACiB,IAAT,CAAc;AACVU,kBAAAA,WAAW,EAAEZ,KADH;AAEVtB,kBAAAA,YAAY,EAAEqC;AAFJ,iBAAd;AAPR;AAAA;;AAAA;AAAA;AAAA;AAYQ7B,gBAAAA,IAAI,cAAJ;;AAZR;AAAA;AAAA;AAAA;AAAA;AAAA;AAAA,O","sourceRoot":"C:\\Users\\okafor jude\\Desktop\\Backend projects\\New folder\\pettysave-backend\\src\\controllers\\","sourcesContent":["import createError from \"http-errors\";\nimport User from \"../Models/user\";\nimport { authSchema, loginSchema } from \"../helpers/validation/user\";\nimport jwtHelper from \"../helpers/utils/jwt\";\nimport bcryptHelper from \"../helpers/utils/bcrypt\";\n\nconst { generateToken, refreshToken, verifyRefreshToken } = jwtHelper;\nconst { hashPassword, comparePassword } = bcryptHelper;\n\nexport default class userController {\n    static async registerUsers(request, response, next) {\n        try {\n            const result = await authSchema.validateAsync(request.body);\n\n            result.password = await hashPassword(result.password);\n\n            const emailExist = await User.findOne({ email: result.email });\n            if (emailExist) {\n                throw createError.Conflict(`${result.email} already in use`);\n            }\n            const user = new User(result);\n            await user.save();\n\n            const token = await generateToken({ user });\n            const refreshedToken = await refreshToken({ user });\n            response.send({\n                message: \"Registration successful\",\n                user,\n                access_token: token,\n                refresh_token: refreshedToken,\n            });\n        } catch (error) {\n            if (error.isJoi === true) error.status = 422;\n            next(error);\n        }\n    }\n\n    // eslint-disable-next-line consistent-return\n    static async loginUsers(request, response, next) {\n        try {\n            const result = await loginSchema.validateAsync(request.body);\n\n            const user = await User.findOne({ email: result.email });\n            if (!user) {\n                throw createError.NotFound(\"User not registered\");\n            }\n\n            const match = await comparePassword(user.password, result.password);\n\n            if (match) {\n                const token = await generateToken({ user });\n                const refreshedToken = await refreshToken({ user });\n                response.cookie(\"token\", token);\n                response.send({\n                    message: \"Logged in!\",\n                    user,\n                    accessToken: token,\n                    refreshToken: refreshedToken,\n                });\n            } else {\n                throw createError.Unauthorized(\"Email/password not valid\");\n            }\n        } catch (error) {\n            if (error.isJoi === true) {\n                return next(createError.BadRequest(\"Invalid Email/password\"));\n            }\n            next(error);\n        }\n    }\n\n    static async refreshTokenUser(request, response, next) {\n        try {\n            const { refreshedToken } = request.body;\n            if (!refreshedToken) throw createError.BadRequest();\n            const user = await verifyRefreshToken(refreshedToken);\n            const token = await generateToken({ user });\n            const refresh = await refreshToken({ user });\n            response.send({\n                accessToken: token,\n                refreshToken: refresh,\n            });\n        } catch (error) {\n            next(error);\n        }\n    }\n}"]},"_coverageSchema":"1a1c01bbd47fc00a2c39e90264f33305004495a9","hash":"620eff8c42f5e7635fb490a955ed9520f294e147","contentHash":"8eaa907553868e424b4bec9c824be183d7ac4ce0fd98c9786646e2c2c195c933"},"C:\\Users\\okafor jude\\Desktop\\Backend projects\\New folder\\pettysave-backend\\src\\Models\\user.js":{"path":"C:\\Users\\okafor jude\\Desktop\\Backend projects\\New folder\\pettysave-backend\\src\\Models\\user.js","statementMap":{"0":{"start":{"line":3,"column":29},"end":{"line":3,"column":84}},"1":{"start":{"line":5,"column":0},"end":{"line":7,"column":3}},"2":{"start":{"line":8,"column":0},"end":{"line":8,"column":28}},"3":{"start":{"line":10,"column":16},"end":{"line":10,"column":59}},"4":{"start":{"line":12,"column":17},"end":{"line":48,"column":2}},"5":{"start":{"line":51,"column":0},"end":{"line":56,"column":2}},"6":{"start":{"line":52,"column":13},"end":{"line":52,"column":17}},"7":{"start":{"line":53,"column":19},"end":{"line":53,"column":34}},"8":{"start":{"line":54,"column":2},"end":{"line":54,"column":29}},"9":{"start":{"line":55,"column":2},"end":{"line":55,"column":20}},"10":{"start":{"line":58,"column":11},"end":{"line":58,"column":57}},"11":{"start":{"line":60,"column":15},"end":{"line":60,"column":19}},"12":{"start":{"line":61,"column":0},"end":{"line":61,"column":30}}},"fnMap":{"0":{"name":"(anonymous_0)","decl":{"start":{"line":51,"column":28},"end":{"line":51,"column":29}},"loc":{"start":{"line":51,"column":40},"end":{"line":56,"column":1}},"line":51}},"branchMap":{},"s":{"0":1,"1":1,"2":1,"3":1,"4":1,"5":1,"6":3,"7":3,"8":3,"9":3,"10":1,"11":1,"12":1},"f":{"0":3},"b":{},"inputSourceMap":{"version":3,"sources":["user.js"],"names":["UserSchema","mongoose","Schema","first_name","type","String","required","min","max","last_name","email","unique","lowercase","trim","password","address","access_token","refreshed_token","timestamps","methods","toJSON","user","userObject","toObject","User","model"],"mappings":";;;;;;;;;AAAA;;AAEA,IAAMA,UAAU,GAAGC,qBAASC,MAAT,CAAgB;AAC/BC,EAAAA,UAAU,EAAE;AACRC,IAAAA,IAAI,EAAEC,MADE;AAERC,IAAAA,QAAQ,EAAE,IAFF;AAGRC,IAAAA,GAAG,EAAE,CAHG;AAIRC,IAAAA,GAAG,EAAE;AAJG,GADmB;AAO/BC,EAAAA,SAAS,EAAE;AACPL,IAAAA,IAAI,EAAEC,MADC;AAEPC,IAAAA,QAAQ,EAAE,IAFH;AAGPC,IAAAA,GAAG,EAAE,CAHE;AAIPC,IAAAA,GAAG,EAAE;AAJE,GAPoB;AAa/BE,EAAAA,KAAK,EAAE;AACHN,IAAAA,IAAI,EAAEC,MADH;AAEHM,IAAAA,MAAM,EAAE,IAFL;AAGHC,IAAAA,SAAS,EAAE,IAHR;AAIHN,IAAAA,QAAQ,EAAE,IAJP;AAKHO,IAAAA,IAAI,EAAE;AALH,GAbwB;AAoB/BC,EAAAA,QAAQ,EAAE;AACNV,IAAAA,IAAI,EAAEC,MADA;AAENC,IAAAA,QAAQ,EAAE;AAFJ,GApBqB;AAwB/BS,EAAAA,OAAO,EAAE;AACLX,IAAAA,IAAI,EAAEC,MADD;AAELC,IAAAA,QAAQ,EAAE;AAFL,GAxBsB;AA4B/BU,EAAAA,YAAY,EAAE;AACVZ,IAAAA,IAAI,EAAEC;AADI,GA5BiB;AA+B/BY,EAAAA,eAAe,EAAE;AACbb,IAAAA,IAAI,EAAEC;AADO;AA/Bc,CAAhB,EAkChB;AAAEa,EAAAA,UAAU,EAAE;AAAd,CAlCgB,CAAnB,C,CAoCA;;;AACAlB,UAAU,CAACmB,OAAX,CAAmBC,MAAnB,GAA4B,YAAW;AACnC,MAAMC,IAAI,GAAG,IAAb;AACA,MAAMC,UAAU,GAAGD,IAAI,CAACE,QAAL,EAAnB;AAEA,SAAOD,UAAU,CAACR,QAAlB;AAEA,SAAOQ,UAAP;AACH,CAPD;;AASA,IAAME,IAAI,GAAGvB,qBAASwB,KAAT,CAAe,MAAf,EAAuBzB,UAAvB,CAAb;;eAEewB,I","sourceRoot":"C:\\Users\\okafor jude\\Desktop\\Backend projects\\New folder\\pettysave-backend\\src\\Models\\","sourcesContent":["import mongoose from \"mongoose\";\n\nconst UserSchema = mongoose.Schema({\n    first_name: {\n        type: String,\n        required: true,\n        min: 3,\n        max: 50,\n    },\n    last_name: {\n        type: String,\n        required: true,\n        min: 3,\n        max: 50,\n    },\n    email: {\n        type: String,\n        unique: true,\n        lowercase: true,\n        required: true,\n        trim: true,\n    },\n    password: {\n        type: String,\n        required: true,\n    },\n    address: {\n        type: String,\n        required: false,\n    },\n    access_token: {\n        type: String,\n    },\n    refreshed_token: {\n        type: String,\n    },\n}, { timestamps: true });\n\n// eslint-disable-next-line func-names\nUserSchema.methods.toJSON = function() {\n    const user = this;\n    const userObject = user.toObject();\n\n    delete userObject.password;\n\n    return userObject;\n};\n\nconst User = mongoose.model(\"User\", UserSchema);\n\nexport default User;"]},"_coverageSchema":"1a1c01bbd47fc00a2c39e90264f33305004495a9","hash":"b7fc8510b1ff6c3fead453e394564955a2377fe3","contentHash":"e9abdf6038467f3ff929d1d6c4f054f1326e9be5e930a361abea30e84d4328e9"},"C:\\Users\\okafor jude\\Desktop\\Backend projects\\New folder\\pettysave-backend\\src\\helpers\\validation\\user.js":{"path":"C:\\Users\\okafor jude\\Desktop\\Backend projects\\New folder\\pettysave-backend\\src\\helpers\\validation\\user.js","statementMap":{"0":{"start":{"line":3,"column":29},"end":{"line":3,"column":84}},"1":{"start":{"line":5,"column":0},"end":{"line":7,"column":3}},"2":{"start":{"line":8,"column":0},"end":{"line":8,"column":50}},"3":{"start":{"line":10,"column":11},"end":{"line":10,"column":49}},"4":{"start":{"line":12,"column":17},"end":{"line":42,"column":2}},"5":{"start":{"line":44,"column":0},"end":{"line":44,"column":32}},"6":{"start":{"line":46,"column":18},"end":{"line":63,"column":2}},"7":{"start":{"line":65,"column":0},"end":{"line":65,"column":34}}},"fnMap":{},"branchMap":{},"s":{"0":1,"1":1,"2":1,"3":1,"4":1,"5":1,"6":1,"7":1},"f":{},"b":{},"inputSourceMap":{"version":3,"sources":["user.js"],"names":["authSchema","Joi","object","first_name","string","required","min","max","empty","messages","last_name","address","email","minDomainSegments","tlds","allow","lowercase","password","regex","loginSchema"],"mappings":";;;;;;;;;AAAA;;AAEA,IAAMA,UAAU,GAAGC,gBAAIC,MAAJ,CAAW;AAC1BC,EAAAA,UAAU,EAAEF,gBAAIG,MAAJ,GAAaC,QAAb,GAAwBC,GAAxB,CAA4B,CAA5B,EAA+BC,GAA/B,CAAmC,GAAnC,EAAwCC,KAAxC,GAAgDC,QAAhD,CAAyD;AACjE,oBAAgB,yBADiD;AAEjE,oBAAgB,+BAFiD;AAGjE,kBAAc;AAHmD,GAAzD,CADc;AAM1BC,EAAAA,SAAS,EAAET,gBAAIG,MAAJ,GAAaC,QAAb,GAAwBC,GAAxB,CAA4B,CAA5B,EAA+BC,GAA/B,CAAmC,GAAnC,EAAwCC,KAAxC,GAAgDC,QAAhD,CAAyD;AAChE,oBAAgB,yBADgD;AAEhE,oBAAgB,+BAFgD;AAGhE,kBAAc;AAHkD,GAAzD,CANe;AAW1BE,EAAAA,OAAO,EAAEV,gBAAIG,MAAJ,GAAaE,GAAb,CAAiB,CAAjB,EAAoBC,GAApB,CAAwB,GAAxB,EAA6BC,KAA7B,GAAqCC,QAArC,CAA8C;AACnD,kBAAc;AADqC,GAA9C,CAXiB;AAc1BG,EAAAA,KAAK,EAAEX,gBAAIG,MAAJ,GACFC,QADE,GAEFO,KAFE,CAEI;AACHC,IAAAA,iBAAiB,EAAE,CADhB;AAEHC,IAAAA,IAAI,EAAE;AAAEC,MAAAA,KAAK,EAAE,CAAC,KAAD,EAAQ,KAAR,EAAe,IAAf,EAAqB,IAArB,EAA2B,IAA3B;AAAT;AAFH,GAFJ,EAMFC,SANE,GAOFV,GAPE,CAOE,CAPF,EAQFC,GARE,CAQE,GARF,EASFC,KATE,GAUFC,QAVE,CAUO;AACN,oBAAgB,0BADV;AAEN,oBAAgB,uCAFV;AAGN,oBAAgB;AAHV,GAVP,CAdmB;AA8B1BQ,EAAAA,QAAQ,EAAEhB,gBAAIG,MAAJ,GACLC,QADK,GAELG,KAFK,GAGLF,GAHK,CAGD,CAHC,EAILC,GAJK,CAID,IAJC,EAKLW,KALK,CAKC,qBALD,EAMLT,QANK,CAMI;AACN,oBAAgB,6BADV;AAEN,2BAAuB,oDAFjB;AAGN,oBAAgB,0CAHV;AAIN,kBAAc;AAJR,GANJ;AA9BgB,CAAX,CAAnB;;;;AA4CA,IAAMU,WAAW,GAAGlB,gBAAIC,MAAJ,CAAW;AAC3BU,EAAAA,KAAK,EAAEX,gBAAIG,MAAJ,GACFC,QADE,GAEFO,KAFE,CAEI;AACHC,IAAAA,iBAAiB,EAAE,CADhB;AAEHC,IAAAA,IAAI,EAAE;AAAEC,MAAAA,KAAK,EAAE,CAAC,KAAD,EAAQ,KAAR,EAAe,IAAf,EAAqB,IAArB,EAA2B,IAA3B;AAAT;AAFH,GAFJ,EAMFC,SANE,GAOFV,GAPE,CAOE,CAPF,EAQFC,GARE,CAQE,GARF,EASFC,KATE,GAUFC,QAVE,CAUO;AACN,oBAAgB,0BADV;AAEN,oBAAgB,uCAFV;AAGN,oBAAgB;AAHV,GAVP,CADoB;AAiB3BQ,EAAAA,QAAQ,EAAEhB,gBAAIG,MAAJ,GACLC,QADK,GAELG,KAFK,GAGLF,GAHK,CAGD,CAHC,EAILC,GAJK,CAID,IAJC,EAKLW,KALK,CAKC,qBALD,EAMLT,QANK,CAMI;AACN,oBAAgB,6BADV;AAEN,2BAAuB,oDAFjB;AAGN,oBAAgB,0CAHV;AAIN,kBAAc;AAJR,GANJ;AAjBiB,CAAX,CAApB","sourceRoot":"C:\\Users\\okafor jude\\Desktop\\Backend projects\\New folder\\pettysave-backend\\src\\helpers\\validation\\","sourcesContent":["import Joi from \"joi\";\n\nconst authSchema = Joi.object({\n    first_name: Joi.string().required().min(3).max(255).empty().messages({\n        \"any.required\": \"Sorry, name is required\",\n        \"string.empty\": \"name cannot be an empty field\",\n        \"string.min\": \"name should have a minimum length of 3 and a maximum length of 255\",\n    }),\n    last_name: Joi.string().required().min(3).max(255).empty().messages({\n        \"any.required\": \"Sorry, name is required\",\n        \"string.empty\": \"name cannot be an empty field\",\n        \"string.min\": \"name should have a minimum length of 3 and a maximum length of 255\",\n    }),\n    address: Joi.string().min(3).max(255).empty().messages({\n        \"string.min\": \"name should have a minimum length of 3 and a maximum length of 255\",\n    }),\n    email: Joi.string()\n        .required()\n        .email({\n            minDomainSegments: 2,\n            tlds: { allow: [\"com\", \"net\", \"uk\", \"co\", \"io\"] },\n        })\n        .lowercase()\n        .min(5)\n        .max(100)\n        .empty()\n        .messages({\n            \"any.required\": \"Sorry, email is required\",\n            \"string.empty\": \"Sorry, Email cannot be an empty field\",\n            \"string.email\": \"Please enter a valid email\",\n        }),\n\n    password: Joi.string()\n        .required()\n        .empty()\n        .min(5)\n        .max(1024)\n        .regex(/^[a-zA-Z0-9]{3,30}$/)\n        .messages({\n            \"any.required\": \"Sorry, password is required\",\n            \"string.pattern.base\": \"password must contain only from a-z or A-Z or 0-9.\",\n            \"string.empty\": \"Sorry, password cannot be an empty field\",\n            \"string.min\": \"password should have a minimum length of 5\",\n        }),\n});\n\nconst loginSchema = Joi.object({\n    email: Joi.string()\n        .required()\n        .email({\n            minDomainSegments: 2,\n            tlds: { allow: [\"com\", \"net\", \"uk\", \"co\", \"io\"] },\n        })\n        .lowercase()\n        .min(5)\n        .max(100)\n        .empty()\n        .messages({\n            \"any.required\": \"Sorry, email is required\",\n            \"string.empty\": \"Sorry, Email cannot be an empty field\",\n            \"string.email\": \"Please enter a valid email\",\n        }),\n\n    password: Joi.string()\n        .required()\n        .empty()\n        .min(5)\n        .max(1024)\n        .regex(/^[a-zA-Z0-9]{3,30}$/)\n        .messages({\n            \"any.required\": \"Sorry, password is required\",\n            \"string.pattern.base\": \"password must contain only from a-z or A-Z or 0-9.\",\n            \"string.empty\": \"Sorry, password cannot be an empty field\",\n            \"string.min\": \"password should have a minimum length of 5\",\n        }),\n});\n\nexport { authSchema, loginSchema };"]},"_coverageSchema":"1a1c01bbd47fc00a2c39e90264f33305004495a9","hash":"622791a6317dfffc2910ff8c2ec4f2fb861670a5","contentHash":"bf17719402ad8e4acb0e318180d0a5b4a9d243dd949858fb614527257ca8ef65"},"C:\\Users\\okafor jude\\Desktop\\Backend projects\\New folder\\pettysave-backend\\src\\helpers\\utils\\jwt.js":{"path":"C:\\Users\\okafor jude\\Desktop\\Backend projects\\New folder\\pettysave-backend\\src\\helpers\\utils\\jwt.js","statementMap":{"0":{"start":{"line":3,"column":29},"end":{"line":3,"column":84}},"1":{"start":{"line":5,"column":0},"end":{"line":7,"column":3}},"2":{"start":{"line":8,"column":0},"end":{"line":8,"column":28}},"3":{"start":{"line":10,"column":19},"end":{"line":10,"column":80}},"4":{"start":{"line":12,"column":25},"end":{"line":12,"column":99}},"5":{"start":{"line":14,"column":23},"end":{"line":14,"column":95}},"6":{"start":{"line":16,"column":20},"end":{"line":16,"column":89}},"7":{"start":{"line":18,"column":20},"end":{"line":18,"column":67}},"8":{"start":{"line":20,"column":14},"end":{"line":20,"column":55}},"9":{"start":{"line":22,"column":0},"end":{"line":22,"column":28}},"10":{"start":{"line":24,"column":16},"end":{"line":24,"column":35}},"11":{"start":{"line":25,"column":17},"end":{"line":25,"column":46}},"12":{"start":{"line":27,"column":29},"end":{"line":134,"column":3}},"13":{"start":{"line":29,"column":4},"end":{"line":29,"column":54}},"14":{"start":{"line":32,"column":2},"end":{"line":132,"column":6}},"15":{"start":{"line":35,"column":27},"end":{"line":59,"column":9}},"16":{"start":{"line":38,"column":20},"end":{"line":38,"column":29}},"17":{"start":{"line":39,"column":8},"end":{"line":58,"column":20}},"18":{"start":{"line":40,"column":10},"end":{"line":57,"column":11}},"19":{"start":{"line":41,"column":12},"end":{"line":56,"column":13}},"20":{"start":{"line":43,"column":16},"end":{"line":43,"column":91}},"21":{"start":{"line":44,"column":16},"end":{"line":44,"column":34}},"22":{"start":{"line":45,"column":16},"end":{"line":47,"column":19}},"23":{"start":{"line":50,"column":16},"end":{"line":50,"column":38}},"24":{"start":{"line":51,"column":16},"end":{"line":51,"column":56}},"25":{"start":{"line":55,"column":16},"end":{"line":55,"column":39}},"26":{"start":{"line":62,"column":8},"end":{"line":62,"column":53}},"27":{"start":{"line":65,"column":6},"end":{"line":65,"column":27}},"28":{"start":{"line":70,"column":26},"end":{"line":94,"column":9}},"29":{"start":{"line":73,"column":21},"end":{"line":73,"column":30}},"30":{"start":{"line":74,"column":8},"end":{"line":93,"column":21}},"31":{"start":{"line":75,"column":10},"end":{"line":92,"column":11}},"32":{"start":{"line":76,"column":12},"end":{"line":91,"column":13}},"33":{"start":{"line":78,"column":16},"end":{"line":78,"column":95}},"34":{"start":{"line":79,"column":16},"end":{"line":79,"column":35}},"35":{"start":{"line":80,"column":16},"end":{"line":82,"column":19}},"36":{"start":{"line":85,"column":16},"end":{"line":85,"column":39}},"37":{"start":{"line":86,"column":16},"end":{"line":86,"column":57}},"38":{"start":{"line":90,"column":16},"end":{"line":90,"column":40}},"39":{"start":{"line":97,"column":8},"end":{"line":97,"column":52}},"40":{"start":{"line":100,"column":6},"end":{"line":100,"column":26}},"41":{"start":{"line":105,"column":32},"end":{"line":124,"column":9}},"42":{"start":{"line":107,"column":8},"end":{"line":123,"column":21}},"43":{"start":{"line":108,"column":10},"end":{"line":122,"column":11}},"44":{"start":{"line":109,"column":12},"end":{"line":121,"column":13}},"45":{"start":{"line":111,"column":16},"end":{"line":111,"column":35}},"46":{"start":{"line":112,"column":16},"end":{"line":112,"column":81}},"47":{"start":{"line":115,"column":16},"end":{"line":115,"column":39}},"48":{"start":{"line":116,"column":16},"end":{"line":116,"column":57}},"49":{"start":{"line":120,"column":16},"end":{"line":120,"column":40}},"50":{"start":{"line":127,"column":8},"end":{"line":127,"column":58}},"51":{"start":{"line":130,"column":6},"end":{"line":130,"column":32}},"52":{"start":{"line":133,"column":2},"end":{"line":133,"column":19}},"53":{"start":{"line":136,"column":0},"end":{"line":136,"column":31}}},"fnMap":{"0":{"name":"(anonymous_0)","decl":{"start":{"line":27,"column":29},"end":{"line":27,"column":30}},"loc":{"start":{"line":27,"column":41},"end":{"line":134,"column":1}},"line":27},"1":{"name":"jwtHelper","decl":{"start":{"line":28,"column":11},"end":{"line":28,"column":20}},"loc":{"start":{"line":28,"column":23},"end":{"line":30,"column":3}},"line":28},"2":{"name":"(anonymous_2)","decl":{"start":{"line":34,"column":11},"end":{"line":34,"column":12}},"loc":{"start":{"line":34,"column":23},"end":{"line":66,"column":5}},"line":34},"3":{"name":"_callee","decl":{"start":{"line":35,"column":114},"end":{"line":35,"column":121}},"loc":{"start":{"line":35,"column":131},"end":{"line":59,"column":7}},"line":35},"4":{"name":"_callee$","decl":{"start":{"line":39,"column":53},"end":{"line":39,"column":61}},"loc":{"start":{"line":39,"column":72},"end":{"line":58,"column":9}},"line":39},"5":{"name":"generateToken","decl":{"start":{"line":61,"column":15},"end":{"line":61,"column":28}},"loc":{"start":{"line":61,"column":33},"end":{"line":63,"column":7}},"line":61},"6":{"name":"(anonymous_6)","decl":{"start":{"line":69,"column":11},"end":{"line":69,"column":12}},"loc":{"start":{"line":69,"column":23},"end":{"line":101,"column":5}},"line":69},"7":{"name":"_callee2","decl":{"start":{"line":70,"column":113},"end":{"line":70,"column":121}},"loc":{"start":{"line":70,"column":131},"end":{"line":94,"column":7}},"line":70},"8":{"name":"_callee2$","decl":{"start":{"line":74,"column":53},"end":{"line":74,"column":62}},"loc":{"start":{"line":74,"column":74},"end":{"line":93,"column":9}},"line":74},"9":{"name":"refreshToken","decl":{"start":{"line":96,"column":15},"end":{"line":96,"column":27}},"loc":{"start":{"line":96,"column":33},"end":{"line":98,"column":7}},"line":96},"10":{"name":"(anonymous_10)","decl":{"start":{"line":104,"column":11},"end":{"line":104,"column":12}},"loc":{"start":{"line":104,"column":23},"end":{"line":131,"column":5}},"line":104},"11":{"name":"_callee3","decl":{"start":{"line":105,"column":119},"end":{"line":105,"column":127}},"loc":{"start":{"line":105,"column":142},"end":{"line":124,"column":7}},"line":105},"12":{"name":"_callee3$","decl":{"start":{"line":107,"column":53},"end":{"line":107,"column":62}},"loc":{"start":{"line":107,"column":74},"end":{"line":123,"column":9}},"line":107},"13":{"name":"verifyRefreshToken","decl":{"start":{"line":126,"column":15},"end":{"line":126,"column":33}},"loc":{"start":{"line":126,"column":39},"end":{"line":128,"column":7}},"line":126}},"branchMap":{"0":{"loc":{"start":{"line":41,"column":12},"end":{"line":56,"column":13}},"type":"switch","locations":[{"start":{"line":42,"column":14},"end":{"line":47,"column":19}},{"start":{"line":49,"column":14},"end":{"line":51,"column":56}},{"start":{"line":53,"column":14},"end":{"line":53,"column":21}},{"start":{"line":54,"column":14},"end":{"line":55,"column":39}}],"line":41},"1":{"loc":{"start":{"line":43,"column":25},"end":{"line":43,"column":90}},"type":"cond-expr","locations":[{"start":{"line":43,"column":70},"end":{"line":43,"column":78}},{"start":{"line":43,"column":81},"end":{"line":43,"column":90}}],"line":43},"2":{"loc":{"start":{"line":43,"column":25},"end":{"line":43,"column":67}},"type":"binary-expr","locations":[{"start":{"line":43,"column":25},"end":{"line":43,"column":41}},{"start":{"line":43,"column":45},"end":{"line":43,"column":67}}],"line":43},"3":{"loc":{"start":{"line":76,"column":12},"end":{"line":91,"column":13}},"type":"switch","locations":[{"start":{"line":77,"column":14},"end":{"line":82,"column":19}},{"start":{"line":84,"column":14},"end":{"line":86,"column":57}},{"start":{"line":88,"column":14},"end":{"line":88,"column":21}},{"start":{"line":89,"column":14},"end":{"line":90,"column":40}}],"line":76},"4":{"loc":{"start":{"line":78,"column":25},"end":{"line":78,"column":94}},"type":"cond-expr","locations":[{"start":{"line":78,"column":72},"end":{"line":78,"column":81}},{"start":{"line":78,"column":84},"end":{"line":78,"column":94}}],"line":78},"5":{"loc":{"start":{"line":78,"column":25},"end":{"line":78,"column":69}},"type":"binary-expr","locations":[{"start":{"line":78,"column":25},"end":{"line":78,"column":42}},{"start":{"line":78,"column":46},"end":{"line":78,"column":69}}],"line":78},"6":{"loc":{"start":{"line":109,"column":12},"end":{"line":121,"column":13}},"type":"switch","locations":[{"start":{"line":110,"column":14},"end":{"line":112,"column":81}},{"start":{"line":114,"column":14},"end":{"line":116,"column":57}},{"start":{"line":118,"column":14},"end":{"line":118,"column":21}},{"start":{"line":119,"column":14},"end":{"line":120,"column":40}}],"line":109}},"s":{"0":1,"1":1,"2":1,"3":1,"4":1,"5":1,"6":1,"7":1,"8":1,"9":1,"10":1,"11":1,"12":1,"13":0,"14":1,"15":1,"16":1,"17":1,"18":3,"19":3,"20":1,"21":1,"22":1,"23":1,"24":1,"25":1,"26":1,"27":1,"28":1,"29":1,"30":1,"31":3,"32":3,"33":1,"34":1,"35":1,"36":1,"37":1,"38":1,"39":1,"40":1,"41":1,"42":1,"43":2,"44":2,"45":1,"46":1,"47":0,"48":0,"49":1,"50":1,"51":1,"52":1,"53":1},"f":{"0":1,"1":0,"2":1,"3":1,"4":3,"5":1,"6":1,"7":1,"8":3,"9":1,"10":1,"11":1,"12":2,"13":1},"b":{"0":[1,1,0,1],"1":[0,1],"2":[1,0],"3":[1,1,0,1],"4":[0,1],"5":[1,0],"6":[1,0,0,1]},"inputSourceMap":{"version":3,"sources":["jwt.js"],"names":["dotenv","config","secretKey","process","env","JWT_KEY","refreshKey","REFRESH_TOKEN_KEY","jwtHelper","payload","secret","jwt","sign","expiresIn","token","refreshToken","verify"],"mappings":";;;;;;;;;;;;;;;;;AAAA;;AACA;;AAEAA,mBAAOC,MAAP;;AAEA,IAAMC,SAAS,GAAGC,OAAO,CAACC,GAAR,CAAYC,OAA9B;AACA,IAAMC,UAAU,GAAGH,OAAO,CAACC,GAAR,CAAYG,iBAA/B;;IAEqBC,S;;;;;;;;yGACnB,iBAA2BC,OAA3B;AAAA;AAAA;AAAA;AAAA;AAAA;AAAA;AAAA;AAAoCC,gBAAAA,MAApC,2DAA6CR,SAA7C;AAAA;AAAA,uBACsBS,yBAAIC,IAAJ,CAASH,OAAT,EAAkBC,MAAlB,EAA0B;AAAEG,kBAAAA,SAAS,EAAE;AAAb,iBAA1B,CADtB;;AAAA;AACQC,gBAAAA,KADR;AAAA,iDAESA,KAFT;;AAAA;AAAA;AAAA;AAAA;AAAA;AAAA;AAAA,O;;;;;;;;;;;wGAKA,kBAA0BL,OAA1B;AAAA;AAAA;AAAA;AAAA;AAAA;AAAA;AAAA;AAAmCC,gBAAAA,MAAnC,8DAA4CJ,UAA5C;AAAA;AAAA,uBACsBK,yBAAIC,IAAJ,CAASH,OAAT,EAAkBC,MAAlB,EAA0B;AAAEG,kBAAAA,SAAS,EAAE;AAAb,iBAA1B,CADtB;;AAAA;AACQC,gBAAAA,KADR;AAAA,kDAESA,KAFT;;AAAA;AAAA;AAAA;AAAA;AAAA;AAAA;AAAA,O;;;;;;;;;;;8GAKA,kBAAgCC,YAAhC;AAAA;AAAA;AAAA;AAAA;AAAA;AAAA;AAAA,uBACsBJ,yBAAIK,MAAJ,CAAWD,YAAX,EAAyBT,UAAzB,CADtB;;AAAA;AACQQ,gBAAAA,KADR;AAAA,kDAESA,KAFT;;AAAA;AAAA;AAAA;AAAA;AAAA;AAAA;AAAA,O","sourceRoot":"C:\\Users\\okafor jude\\Desktop\\Backend projects\\New folder\\pettysave-backend\\src\\helpers\\utils\\","sourcesContent":["import jwt from \"jsonwebtoken\";\nimport dotenv from \"dotenv\";\n\ndotenv.config();\n\nconst secretKey = process.env.JWT_KEY;\nconst refreshKey = process.env.REFRESH_TOKEN_KEY;\n\nexport default class jwtHelper {\n  static async generateToken(payload, secret = secretKey) {\n    const token = await jwt.sign(payload, secret, { expiresIn: \"1d\" });\n    return token;\n  }\n\n  static async refreshToken(payload, secret = refreshKey) {\n    const token = await jwt.sign(payload, secret, { expiresIn: \"7d\" });\n    return token;\n  }\n\n  static async verifyRefreshToken(refreshToken) {\n    const token = await jwt.verify(refreshToken, refreshKey);\n    return token;\n  }\n}\n"]},"_coverageSchema":"1a1c01bbd47fc00a2c39e90264f33305004495a9","hash":"c0515de012fee5395f654dce0f09b0ba79b6f878","contentHash":"53684dbac1c8f3647cd39638b5a5e9da3dde92faec496774a80166d223c0f08f"},"C:\\Users\\okafor jude\\Desktop\\Backend projects\\New folder\\pettysave-backend\\src\\helpers\\utils\\bcrypt.js":{"path":"C:\\Users\\okafor jude\\Desktop\\Backend projects\\New folder\\pettysave-backend\\src\\helpers\\utils\\bcrypt.js","statementMap":{"0":{"start":{"line":3,"column":29},"end":{"line":3,"column":84}},"1":{"start":{"line":5,"column":0},"end":{"line":7,"column":3}},"2":{"start":{"line":8,"column":0},"end":{"line":8,"column":28}},"3":{"start":{"line":10,"column":23},"end":{"line":10,"column":95}},"4":{"start":{"line":12,"column":20},"end":{"line":12,"column":89}},"5":{"start":{"line":14,"column":16},"end":{"line":14,"column":59}},"6":{"start":{"line":16,"column":32},"end":{"line":33,"column":3}},"7":{"start":{"line":18,"column":4},"end":{"line":18,"column":57}},"8":{"start":{"line":21,"column":2},"end":{"line":31,"column":6}},"9":{"start":{"line":24,"column":6},"end":{"line":24,"column":91}},"10":{"start":{"line":29,"column":6},"end":{"line":29,"column":70}},"11":{"start":{"line":32,"column":2},"end":{"line":32,"column":22}},"12":{"start":{"line":35,"column":0},"end":{"line":35,"column":34}}},"fnMap":{"0":{"name":"(anonymous_0)","decl":{"start":{"line":16,"column":32},"end":{"line":16,"column":33}},"loc":{"start":{"line":16,"column":44},"end":{"line":33,"column":1}},"line":16},"1":{"name":"bcryptHelper","decl":{"start":{"line":17,"column":11},"end":{"line":17,"column":23}},"loc":{"start":{"line":17,"column":26},"end":{"line":19,"column":3}},"line":17},"2":{"name":"hashPassword","decl":{"start":{"line":23,"column":20},"end":{"line":23,"column":32}},"loc":{"start":{"line":23,"column":43},"end":{"line":25,"column":5}},"line":23},"3":{"name":"comparePassword","decl":{"start":{"line":28,"column":20},"end":{"line":28,"column":35}},"loc":{"start":{"line":28,"column":60},"end":{"line":30,"column":5}},"line":28}},"branchMap":{},"s":{"0":1,"1":1,"2":1,"3":1,"4":1,"5":1,"6":1,"7":0,"8":1,"9":2,"10":1,"11":1,"12":1},"f":{"0":1,"1":0,"2":2,"3":1},"b":{},"inputSourceMap":{"version":3,"sources":["bcrypt.js"],"names":["bcryptHelper","password","bcrypt","hashSync","genSaltSync","hashPassword","compareSync"],"mappings":";;;;;;;;;;;;;AAAA;;IAEqBA,Y;;;;;;;WACnB,sBAAoBC,QAApB,EAA8B;AAC5B,aAAOC,qBAAOC,QAAP,CAAgBF,QAAhB,EAA0BC,qBAAOE,WAAP,CAAmB,EAAnB,CAA1B,CAAP;AACD;;;WAED,yBAAuBC,YAAvB,EAAqCJ,QAArC,EAA+C;AAC7C,aAAOC,qBAAOI,WAAP,CAAmBL,QAAnB,EAA6BI,YAA7B,CAAP;AACD","sourceRoot":"C:\\Users\\okafor jude\\Desktop\\Backend projects\\New folder\\pettysave-backend\\src\\helpers\\utils\\","sourcesContent":["import bcrypt from \"bcryptjs\";\n\nexport default class bcryptHelper {\n  static hashPassword(password) {\n    return bcrypt.hashSync(password, bcrypt.genSaltSync(10));\n  }\n\n  static comparePassword(hashPassword, password) {\n    return bcrypt.compareSync(password, hashPassword);\n  }\n}\n"]},"_coverageSchema":"1a1c01bbd47fc00a2c39e90264f33305004495a9","hash":"4bb66a68d86b5d00452187cc452b9d7308d20042","contentHash":"d1a530594f9207bd06db68d45902040ccea8b07b04f2c6641329540921e80f1f"},"C:\\Users\\okafor jude\\Desktop\\Backend projects\\New folder\\pettysave-backend\\src\\routes\\task.js":{"path":"C:\\Users\\okafor jude\\Desktop\\Backend projects\\New folder\\pettysave-backend\\src\\routes\\task.js","statementMap":{"0":{"start":{"line":3,"column":29},"end":{"line":3,"column":84}},"1":{"start":{"line":5,"column":0},"end":{"line":7,"column":3}},"2":{"start":{"line":8,"column":0},"end":{"line":8,"column":28}},"3":{"start":{"line":10,"column":15},"end":{"line":10,"column":33}},"4":{"start":{"line":12,"column":12},"end":{"line":12,"column":66}},"5":{"start":{"line":14,"column":19},"end":{"line":14,"column":81}},"6":{"start":{"line":16,"column":15},"end":{"line":16,"column":40}},"7":{"start":{"line":17,"column":14},"end":{"line":17,"column":38}},"8":{"start":{"line":18,"column":17},"end":{"line":18,"column":44}},"9":{"start":{"line":19,"column":20},"end":{"line":19,"column":50}},"10":{"start":{"line":20,"column":17},"end":{"line":20,"column":44}},"11":{"start":{"line":21,"column":13},"end":{"line":21,"column":34}},"12":{"start":{"line":22,"column":0},"end":{"line":22,"column":56}},"13":{"start":{"line":23,"column":0},"end":{"line":23,"column":54}},"14":{"start":{"line":24,"column":0},"end":{"line":24,"column":59}},"15":{"start":{"line":25,"column":0},"end":{"line":25,"column":64}},"16":{"start":{"line":26,"column":0},"end":{"line":26,"column":61}},"17":{"start":{"line":27,"column":15},"end":{"line":27,"column":21}},"18":{"start":{"line":28,"column":0},"end":{"line":28,"column":30}}},"fnMap":{},"branchMap":{},"s":{"0":1,"1":1,"2":1,"3":1,"4":1,"5":1,"6":1,"7":1,"8":1,"9":1,"10":1,"11":1,"12":1,"13":1,"14":1,"15":1,"16":1,"17":1,"18":1},"f":{},"b":{},"inputSourceMap":{"version":3,"sources":["task.js"],"names":["postTask","taskController","getTask","filterTask","getSingleTask","updateTask","router","Router","post","verifyToken","get","put"],"mappings":";;;;;;;;;AAAA;;AACA;;AACA;;IAGIA,Q,GAKAC,gB,CALAD,Q;IACAE,O,GAIAD,gB,CAJAC,O;IACAC,U,GAGAF,gB,CAHAE,U;IACAC,a,GAEAH,gB,CAFAG,a;IACAC,U,GACAJ,gB,CADAI,U;AAGJ,IAAMC,MAAM,GAAG,IAAIC,eAAJ,EAAf;AAEAD,MAAM,CAACE,IAAP,CAAY,OAAZ,EAAqBC,uBAArB,EAAkCT,QAAlC;AACAM,MAAM,CAACI,GAAP,CAAW,OAAX,EAAoBD,uBAApB,EAAiCP,OAAjC;AACAI,MAAM,CAACI,GAAP,CAAW,SAAX,EAAsBD,uBAAtB,EAAmCN,UAAnC;AACAG,MAAM,CAACI,GAAP,CAAW,WAAX,EAAwBD,uBAAxB,EAAqCL,aAArC;AACAE,MAAM,CAACK,GAAP,CAAW,WAAX,EAAwBF,uBAAxB,EAAqCJ,UAArC;eAEeC,M","sourceRoot":"C:\\Users\\okafor jude\\Desktop\\Backend projects\\New folder\\pettysave-backend\\src\\routes\\","sourcesContent":["import { Router } from \"express\";\nimport taskController from \"../controllers/task\";\nimport verifyToken from \"../middlewares/verify-token\";\n\nconst {\n    postTask,\n    getTask,\n    filterTask,\n    getSingleTask,\n    updateTask,\n} = taskController;\n\nconst router = new Router();\n\nrouter.post(\"/task\", verifyToken, postTask);\nrouter.get(\"/task\", verifyToken, getTask);\nrouter.get(\"/status\", verifyToken, filterTask);\nrouter.get(\"/task/:id\", verifyToken, getSingleTask);\nrouter.put(\"/task/:id\", verifyToken, updateTask);\n\nexport default router;"]},"_coverageSchema":"1a1c01bbd47fc00a2c39e90264f33305004495a9","hash":"cef345e5c0fa45b31a39425547ca1e55a28ffeea","contentHash":"54d02617b8cacbbe46f9eccf81f51ea389bbb3d37c807f49e6903a308b6ccaa5"},"C:\\Users\\okafor jude\\Desktop\\Backend projects\\New folder\\pettysave-backend\\src\\controllers\\task.js":{"path":"C:\\Users\\okafor jude\\Desktop\\Backend projects\\New folder\\pettysave-backend\\src\\controllers\\task.js","statementMap":{"0":{"start":{"line":3,"column":29},"end":{"line":3,"column":84}},"1":{"start":{"line":5,"column":0},"end":{"line":7,"column":3}},"2":{"start":{"line":8,"column":0},"end":{"line":8,"column":28}},"3":{"start":{"line":10,"column":19},"end":{"line":10,"column":80}},"4":{"start":{"line":12,"column":25},"end":{"line":12,"column":99}},"5":{"start":{"line":14,"column":23},"end":{"line":14,"column":95}},"6":{"start":{"line":16,"column":20},"end":{"line":16,"column":89}},"7":{"start":{"line":18,"column":18},"end":{"line":18,"column":64}},"8":{"start":{"line":20,"column":12},"end":{"line":20,"column":61}},"9":{"start":{"line":22,"column":34},"end":{"line":285,"column":3}},"10":{"start":{"line":24,"column":4},"end":{"line":24,"column":59}},"11":{"start":{"line":27,"column":2},"end":{"line":283,"column":6}},"12":{"start":{"line":30,"column":22},"end":{"line":70,"column":9}},"13":{"start":{"line":33,"column":8},"end":{"line":69,"column":37}},"14":{"start":{"line":34,"column":10},"end":{"line":68,"column":11}},"15":{"start":{"line":35,"column":12},"end":{"line":67,"column":13}},"16":{"start":{"line":37,"column":16},"end":{"line":37,"column":34}},"17":{"start":{"line":38,"column":16},"end":{"line":38,"column":146}},"18":{"start":{"line":39,"column":16},"end":{"line":39,"column":34}},"19":{"start":{"line":40,"column":16},"end":{"line":45,"column":19}},"20":{"start":{"line":48,"column":16},"end":{"line":48,"column":37}},"21":{"start":{"line":49,"column":16},"end":{"line":49,"column":34}},"22":{"start":{"line":50,"column":16},"end":{"line":50,"column":35}},"23":{"start":{"line":53,"column":16},"end":{"line":53,"column":42}},"24":{"start":{"line":54,"column":16},"end":{"line":57,"column":20}},"25":{"start":{"line":60,"column":16},"end":{"line":60,"column":35}},"26":{"start":{"line":61,"column":16},"end":{"line":61,"column":51}},"27":{"start":{"line":62,"column":16},"end":{"line":62,"column":34}},"28":{"start":{"line":66,"column":16},"end":{"line":66,"column":39}},"29":{"start":{"line":73,"column":8},"end":{"line":73,"column":48}},"30":{"start":{"line":76,"column":6},"end":{"line":76,"column":22}},"31":{"start":{"line":81,"column":21},"end":{"line":130,"column":9}},"32":{"start":{"line":84,"column":8},"end":{"line":129,"column":38}},"33":{"start":{"line":85,"column":10},"end":{"line":128,"column":11}},"34":{"start":{"line":86,"column":12},"end":{"line":127,"column":13}},"35":{"start":{"line":88,"column":16},"end":{"line":88,"column":35}},"36":{"start":{"line":89,"column":16},"end":{"line":89,"column":105}},"37":{"start":{"line":90,"column":16},"end":{"line":90,"column":43}},"38":{"start":{"line":91,"column":16},"end":{"line":91,"column":26}},"39":{"start":{"line":92,"column":16},"end":{"line":92,"column":35}},"40":{"start":{"line":93,"column":16},"end":{"line":93,"column":57}},"41":{"start":{"line":96,"column":16},"end":{"line":96,"column":39}},"42":{"start":{"line":98,"column":16},"end":{"line":98,"column":54}},"43":{"start":{"line":99,"column":16},"end":{"line":99,"column":61}},"44":{"start":{"line":100,"column":16},"end":{"line":100,"column":36}},"45":{"start":{"line":101,"column":16},"end":{"line":106,"column":26}},"46":{"start":{"line":109,"column":16},"end":{"line":109,"column":38}},"47":{"start":{"line":110,"column":16},"end":{"line":117,"column":20}},"48":{"start":{"line":120,"column":16},"end":{"line":120,"column":36}},"49":{"start":{"line":121,"column":16},"end":{"line":121,"column":53}},"50":{"start":{"line":122,"column":16},"end":{"line":122,"column":35}},"51":{"start":{"line":126,"column":16},"end":{"line":126,"column":40}},"52":{"start":{"line":133,"column":8},"end":{"line":133,"column":47}},"53":{"start":{"line":136,"column":6},"end":{"line":136,"column":21}},"54":{"start":{"line":141,"column":24},"end":{"line":173,"column":9}},"55":{"start":{"line":143,"column":8},"end":{"line":172,"column":37}},"56":{"start":{"line":144,"column":10},"end":{"line":171,"column":11}},"57":{"start":{"line":145,"column":12},"end":{"line":170,"column":13}},"58":{"start":{"line":147,"column":16},"end":{"line":147,"column":35}},"59":{"start":{"line":148,"column":16},"end":{"line":148,"column":74}},"60":{"start":{"line":149,"column":16},"end":{"line":149,"column":35}},"61":{"start":{"line":150,"column":16},"end":{"line":152,"column":26}},"62":{"start":{"line":155,"column":16},"end":{"line":155,"column":38}},"63":{"start":{"line":156,"column":16},"end":{"line":156,"column":42}},"64":{"start":{"line":157,"column":16},"end":{"line":160,"column":20}},"65":{"start":{"line":163,"column":16},"end":{"line":163,"column":35}},"66":{"start":{"line":164,"column":16},"end":{"line":164,"column":53}},"67":{"start":{"line":165,"column":16},"end":{"line":165,"column":35}},"68":{"start":{"line":169,"column":16},"end":{"line":169,"column":40}},"69":{"start":{"line":176,"column":8},"end":{"line":176,"column":50}},"70":{"start":{"line":179,"column":6},"end":{"line":179,"column":24}},"71":{"start":{"line":184,"column":27},"end":{"line":214,"column":9}},"72":{"start":{"line":186,"column":8},"end":{"line":213,"column":37}},"73":{"start":{"line":187,"column":10},"end":{"line":212,"column":11}},"74":{"start":{"line":188,"column":12},"end":{"line":211,"column":13}},"75":{"start":{"line":190,"column":16},"end":{"line":190,"column":35}},"76":{"start":{"line":191,"column":16},"end":{"line":191,"column":35}},"77":{"start":{"line":192,"column":16},"end":{"line":194,"column":46}},"78":{"start":{"line":197,"column":16},"end":{"line":197,"column":38}},"79":{"start":{"line":198,"column":16},"end":{"line":201,"column":20}},"80":{"start":{"line":204,"column":16},"end":{"line":204,"column":35}},"81":{"start":{"line":205,"column":16},"end":{"line":205,"column":53}},"82":{"start":{"line":206,"column":16},"end":{"line":206,"column":35}},"83":{"start":{"line":210,"column":16},"end":{"line":210,"column":40}},"84":{"start":{"line":217,"column":8},"end":{"line":217,"column":53}},"85":{"start":{"line":220,"column":6},"end":{"line":220,"column":27}},"86":{"start":{"line":225,"column":24},"end":{"line":275,"column":9}},"87":{"start":{"line":228,"column":8},"end":{"line":274,"column":38}},"88":{"start":{"line":229,"column":10},"end":{"line":273,"column":11}},"89":{"start":{"line":230,"column":12},"end":{"line":272,"column":13}},"90":{"start":{"line":232,"column":16},"end":{"line":232,"column":35}},"91":{"start":{"line":233,"column":16},"end":{"line":233,"column":39}},"92":{"start":{"line":234,"column":16},"end":{"line":234,"column":35}},"93":{"start":{"line":235,"column":16},"end":{"line":237,"column":19}},"94":{"start":{"line":240,"column":16},"end":{"line":240,"column":38}},"95":{"start":{"line":241,"column":16},"end":{"line":241,"column":41}},"96":{"start":{"line":243,"column":16},"end":{"line":246,"column":17}},"97":{"start":{"line":244,"column":18},"end":{"line":244,"column":37}},"98":{"start":{"line":245,"column":18},"end":{"line":245,"column":24}},"99":{"start":{"line":248,"column":16},"end":{"line":248,"column":78}},"100":{"start":{"line":251,"column":16},"end":{"line":251,"column":72}},"101":{"start":{"line":251,"column":40},"end":{"line":251,"column":72}},"102":{"start":{"line":252,"column":16},"end":{"line":252,"column":90}},"103":{"start":{"line":252,"column":46},"end":{"line":252,"column":90}},"104":{"start":{"line":253,"column":16},"end":{"line":253,"column":75}},"105":{"start":{"line":253,"column":41},"end":{"line":253,"column":75}},"106":{"start":{"line":254,"column":16},"end":{"line":254,"column":36}},"107":{"start":{"line":255,"column":16},"end":{"line":255,"column":35}},"108":{"start":{"line":258,"column":16},"end":{"line":258,"column":46}},"109":{"start":{"line":259,"column":16},"end":{"line":262,"column":20}},"110":{"start":{"line":265,"column":16},"end":{"line":265,"column":36}},"111":{"start":{"line":266,"column":16},"end":{"line":266,"column":53}},"112":{"start":{"line":267,"column":16},"end":{"line":267,"column":35}},"113":{"start":{"line":271,"column":16},"end":{"line":271,"column":40}},"114":{"start":{"line":278,"column":8},"end":{"line":278,"column":50}},"115":{"start":{"line":281,"column":6},"end":{"line":281,"column":24}},"116":{"start":{"line":284,"column":2},"end":{"line":284,"column":24}},"117":{"start":{"line":287,"column":0},"end":{"line":287,"column":36}}},"fnMap":{"0":{"name":"(anonymous_0)","decl":{"start":{"line":22,"column":34},"end":{"line":22,"column":35}},"loc":{"start":{"line":22,"column":46},"end":{"line":285,"column":1}},"line":22},"1":{"name":"taskController","decl":{"start":{"line":23,"column":11},"end":{"line":23,"column":25}},"loc":{"start":{"line":23,"column":28},"end":{"line":25,"column":3}},"line":23},"2":{"name":"(anonymous_2)","decl":{"start":{"line":29,"column":11},"end":{"line":29,"column":12}},"loc":{"start":{"line":29,"column":23},"end":{"line":77,"column":5}},"line":29},"3":{"name":"_callee","decl":{"start":{"line":30,"column":109},"end":{"line":30,"column":116}},"loc":{"start":{"line":30,"column":142},"end":{"line":70,"column":7}},"line":30},"4":{"name":"_callee$","decl":{"start":{"line":33,"column":53},"end":{"line":33,"column":61}},"loc":{"start":{"line":33,"column":72},"end":{"line":69,"column":9}},"line":33},"5":{"name":"postTask","decl":{"start":{"line":72,"column":15},"end":{"line":72,"column":23}},"loc":{"start":{"line":72,"column":38},"end":{"line":74,"column":7}},"line":72},"6":{"name":"(anonymous_6)","decl":{"start":{"line":80,"column":11},"end":{"line":80,"column":12}},"loc":{"start":{"line":80,"column":23},"end":{"line":137,"column":5}},"line":80},"7":{"name":"_callee2","decl":{"start":{"line":81,"column":108},"end":{"line":81,"column":116}},"loc":{"start":{"line":81,"column":142},"end":{"line":130,"column":7}},"line":81},"8":{"name":"_callee2$","decl":{"start":{"line":84,"column":53},"end":{"line":84,"column":62}},"loc":{"start":{"line":84,"column":74},"end":{"line":129,"column":9}},"line":84},"9":{"name":"getTask","decl":{"start":{"line":132,"column":15},"end":{"line":132,"column":22}},"loc":{"start":{"line":132,"column":38},"end":{"line":134,"column":7}},"line":132},"10":{"name":"(anonymous_10)","decl":{"start":{"line":140,"column":11},"end":{"line":140,"column":12}},"loc":{"start":{"line":140,"column":23},"end":{"line":180,"column":5}},"line":140},"11":{"name":"_callee3","decl":{"start":{"line":141,"column":111},"end":{"line":141,"column":119}},"loc":{"start":{"line":141,"column":145},"end":{"line":173,"column":7}},"line":141},"12":{"name":"_callee3$","decl":{"start":{"line":143,"column":53},"end":{"line":143,"column":62}},"loc":{"start":{"line":143,"column":74},"end":{"line":172,"column":9}},"line":143},"13":{"name":"filterTask","decl":{"start":{"line":175,"column":15},"end":{"line":175,"column":25}},"loc":{"start":{"line":175,"column":41},"end":{"line":177,"column":7}},"line":175},"14":{"name":"(anonymous_14)","decl":{"start":{"line":183,"column":11},"end":{"line":183,"column":12}},"loc":{"start":{"line":183,"column":23},"end":{"line":221,"column":5}},"line":183},"15":{"name":"_callee4","decl":{"start":{"line":184,"column":114},"end":{"line":184,"column":122}},"loc":{"start":{"line":184,"column":148},"end":{"line":214,"column":7}},"line":184},"16":{"name":"_callee4$","decl":{"start":{"line":186,"column":53},"end":{"line":186,"column":62}},"loc":{"start":{"line":186,"column":74},"end":{"line":213,"column":9}},"line":186},"17":{"name":"getSingleTask","decl":{"start":{"line":216,"column":15},"end":{"line":216,"column":28}},"loc":{"start":{"line":216,"column":47},"end":{"line":218,"column":7}},"line":216},"18":{"name":"(anonymous_18)","decl":{"start":{"line":224,"column":11},"end":{"line":224,"column":12}},"loc":{"start":{"line":224,"column":23},"end":{"line":282,"column":5}},"line":224},"19":{"name":"_callee5","decl":{"start":{"line":225,"column":111},"end":{"line":225,"column":119}},"loc":{"start":{"line":225,"column":145},"end":{"line":275,"column":7}},"line":225},"20":{"name":"_callee5$","decl":{"start":{"line":228,"column":53},"end":{"line":228,"column":62}},"loc":{"start":{"line":228,"column":74},"end":{"line":274,"column":9}},"line":228},"21":{"name":"updateTask","decl":{"start":{"line":277,"column":15},"end":{"line":277,"column":25}},"loc":{"start":{"line":277,"column":44},"end":{"line":279,"column":7}},"line":277}},"branchMap":{"0":{"loc":{"start":{"line":35,"column":12},"end":{"line":67,"column":13}},"type":"switch","locations":[{"start":{"line":36,"column":14},"end":{"line":45,"column":19}},{"start":{"line":47,"column":14},"end":{"line":50,"column":35}},{"start":{"line":52,"column":14},"end":{"line":57,"column":20}},{"start":{"line":59,"column":14},"end":{"line":62,"column":34}},{"start":{"line":64,"column":14},"end":{"line":64,"column":22}},{"start":{"line":65,"column":14},"end":{"line":66,"column":39}}],"line":35},"1":{"loc":{"start":{"line":86,"column":12},"
[...]
\n    static async postTask(request, response, next) {\n        try {\n            const { title, description, status } = request.body;\n\n            const task = await new Task({\n                title,\n                description,\n                user_id: request.decoded.user._id,\n                status,\n            });\n            const savedData = await task.save();\n            return response.status(200).json({\n                message: \"Task details added successfully\",\n                savedData,\n            });\n        } catch (error) {\n            next(error);\n        }\n    }\n\n    static async getTask(request, response, next) {\n        try {\n            let { page, limit } = request.query;\n            page = page < 1 ? 1 : page;\n            limit = 5;\n\n            const count = await Task.countDocuments();\n            // eslint-disable-next-line prefer-const\n            let totalPages = Math.ceil(count / limit);\n            page = page > totalPages ? totalPages : page;\n\n            const task = await Task.find({})\n                .limit(limit * 1)\n                .skip((page - 1) * limit)\n                .populate({\n                    path: \"user_id\",\n                    select: \"first_name last_name email\",\n                })\n                .collation({ locale: \"en\" })\n                .exec();\n\n            return response.status(200).json({\n                message: \"All tasks displayed\",\n                task,\n                // eslint-disable-next-line object-shorthand\n                totalPages: totalPages,\n                currentPage: page,\n                totalTask: count,\n            });\n        } catch (error) {\n            next(error);\n        }\n    }\n\n    static async filterTask(request, response, next) {\n        try {\n            const sortBy = request.query.sortBy ? request.query.sortBy : \"\";\n            const task = await Task.find({}).where({ status: sortBy }).exec();\n            console.log(\"task\", task);\n\n            return response.status(200).json({\n                message: \"Success\",\n                task,\n            });\n        } catch (error) {\n            next(error);\n        }\n    }\n\n    static async getSingleTask(request, response, next) {\n        try {\n            const task = await Task.findOne({ _id: request.params.id })\n                .populate(\"user_id\")\n                .exec();\n            return response.status(200).json({\n                message: \"A single task\",\n                task,\n            });\n        } catch (error) {\n            next(error);\n        }\n    }\n\n    static async updateTask(request, response, next) {\n        try {\n            const { id } = request.params;\n            const task = await Task.findOne({ _id: id });\n            console.log(task.status);\n            if (!task) {\n                throw createError.BadRequest(\"Task doesn't exist\");\n            }\n\n            if (request.body.title) task.title = request.body.title;\n            if (request.body.description) task.description = request.body.description;\n            if (request.body.status) task.status = request.body.status;\n\n            const updateTask = await task.save();\n            return response.status(200).json({\n                message: \"Task updated successfully!!\",\n                updateTask,\n            });\n        } catch (error) {\n            next(error);\n        }\n    }\n}"]},"_coverageSchema":"1a1c01bbd47fc00a2c39e90264f33305004495a9","hash":"847157f3508a654243229ca7307efd595838d3e0","contentHash":"7939c56cdcb9c479e59c14b4933cf901309d726d61385a29c88707fecde1fda5"},"C:\\Users\\okafor jude\\Desktop\\Backend projects\\New folder\\pettysave-backend\\src\\Models\\task.js":{"path":"C:\\Users\\okafor jude\\Desktop\\Backend projects\\New folder\\pettysave-backend\\src\\Models\\task.js","statementMap":{"0":{"start":{"line":3,"column":29},"end":{"line":3,"column":84}},"1":{"start":{"line":5,"column":0},"end":{"line":7,"column":3}},"2":{"start":{"line":8,"column":0},"end":{"line":8,"column":28}},"3":{"start":{"line":10,"column":16},"end":{"line":10,"column":59}},"4":{"start":{"line":12,"column":13},"end":{"line":12,"column":40}},"5":{"start":{"line":13,"column":17},"end":{"line":32,"column":2}},"6":{"start":{"line":34,"column":11},"end":{"line":34,"column":57}},"7":{"start":{"line":36,"column":15},"end":{"line":36,"column":19}},"8":{"start":{"line":37,"column":0},"end":{"line":37,"column":30}}},"fnMap":{},"branchMap":{},"s":{"0":1,"1":1,"2":1,"3":1,"4":1,"5":1,"6":1,"7":1,"8":1},"f":{},"b":{},"inputSourceMap":{"version":3,"sources":["task.js"],"names":["Schema","mongoose","taskSchema","title","type","String","required","description","user_id","Types","ObjectId","ref","status","timestamps","Task","model"],"mappings":";;;;;;;;;AAAA;;IAEQA,M,GAAWC,oB,CAAXD,M;AACR,IAAME,UAAU,GAAG,IAAIF,MAAJ,CAAW;AAC5BG,EAAAA,KAAK,EAAE;AACLC,IAAAA,IAAI,EAAEC,MADD;AAELC,IAAAA,QAAQ,EAAE;AAFL,GADqB;AAK5BC,EAAAA,WAAW,EAAE;AACXH,IAAAA,IAAI,EAAEC;AADK,GALe;AAQ5BG,EAAAA,OAAO,EAAE;AACPJ,IAAAA,IAAI,EAAEJ,MAAM,CAACS,KAAP,CAAaC,QADZ;AAEPC,IAAAA,GAAG,EAAE;AAFE,GARmB;AAY5BC,EAAAA,MAAM,EAAE;AACNR,IAAAA,IAAI,EAAEC,MADA;AAEN,YAAM,CAAC,SAAD,EAAY,aAAZ,EAA2B,WAA3B,CAFA;AAGN,eAAS;AAHH;AAZoB,CAAX,EAkBhB;AAAEQ,EAAAA,UAAU,EAAE;AAAd,CAlBgB,CAAnB;;AAoBA,IAAMC,IAAI,GAAGb,qBAASc,KAAT,CAAe,MAAf,EAAuBb,UAAvB,CAAb;;eAEeY,I","sourceRoot":"C:\\Users\\okafor jude\\Desktop\\Backend projects\\New folder\\pettysave-backend\\src\\Models\\","sourcesContent":["import mongoose from \"mongoose\";\n\nconst { Schema } = mongoose;\nconst taskSchema = new Schema({\n  title: {\n    type: String,\n    required: false,\n  },\n  description: {\n    type: String,\n  },\n  user_id: {\n    type: Schema.Types.ObjectId,\n    ref: \"User\",\n  },\n  status: {\n    type: String,\n    enum: [\"pending\", \"in-progress\", \"completed\"],\n    default: \"pending\",\n  },\n\n}, { timestamps: true });\n\nconst Task = mongoose.model(\"Task\", taskSchema);\n\nexport default Task;\n"]},"_coverageSchema":"1a1c01bbd47fc00a2c39e90264f33305004495a9","hash":"6bea3ea432b8a1df4e8312f35f92577892580e1d","contentHash":"abe3062bc1107c26a345ab93a630f4acd3605afd4cffd89abbdc9d5c27a6e4f0"},"C:\\Users\\okafor jude\\Desktop\\Backend projects\\New folder\\pettysave-backend\\src\\middlewares\\verify-token.js":{"path":"C:\\Users\\okafor jude\\Desktop\\Backend projects\\New folder\\pettysave-backend\\src\\middlewares\\verify-token.js","statementMap":{"0":{"start":{"line":3,"column":29},"end":{"line":3,"column":84}},"1":{"start":{"line":5,"column":0},"end":{"line":7,"column":3}},"2":{"start":{"line":8,"column":0},"end":{"line":8,"column":28}},"3":{"start":{"line":10,"column":20},"end":{"line":10,"column":67}},"4":{"start":{"line":12,"column":18},"end":{"line":12,"column":64}},"5":{"start":{"line":14,"column":18},"end":{"line":38,"column":1}},"6":{"start":{"line":15,"column":14},"end":{"line":15,"column":80}},"7":{"start":{"line":17,"column":20},"end":{"line":17,"column":29}},"8":{"start":{"line":19,"column":2},"end":{"line":37,"column":3}},"9":{"start":{"line":20,"column":4},"end":{"line":22,"column":5}},"10":{"start":{"line":21,"column":6},"end":{"line":21,"column":60}},"11":{"start":{"line":24,"column":4},"end":{"line":34,"column":7}},"12":{"start":{"line":25,"column":6},"end":{"line":33,"column":7}},"13":{"start":{"line":26,"column":8},"end":{"line":29,"column":11}},"14":{"start":{"line":31,"column":8},"end":{"line":31,"column":34}},"15":{"start":{"line":32,"column":8},"end":{"line":32,"column":15}},"16":{"start":{"line":36,"column":4},"end":{"line":36,"column":55}},"17":{"start":{"line":40,"column":15},"end":{"line":40,"column":26}},"18":{"start":{"line":41,"column":0},"end":{"line":41,"column":30}}},"fnMap":{"0":{"name":"verifyToken","decl":{"start":{"line":14,"column":27},"end":{"line":14,"column":38}},"loc":{"start":{"line":14,"column":64},"end":{"line":38,"column":1}},"line":14},"1":{"name":"(anonymous_1)","decl":{"start":{"line":24,"column":64},"end":{"line":24,"column":65}},"loc":{"start":{"line":24,"column":88},"end":{"line":34,"column":5}},"line":24}},"branchMap":{"0":{"loc":{"start":{"line":15,"column":14},"end":{"line":15,"column":80}},"type":"binary-expr","locations":[{"start":{"line":15,"column":14},"end":{"line":15,"column":47}},{"start":{"line":15,"column":51},"end":{"line":15,"column":80}}],"line":15},"1":{"loc":{"start":{"line":19,"column":2},"end":{"line":37,"column":3}},"type":"if","locations":[{"start":{"line":19,"column":2},"end":{"line":37,"column":3}},{"start":{"line":19,"column":2},"end":{"line":37,"column":3}}],"line":19},"2":{"loc":{"start":{"line":20,"column":4},"end":{"line":22,"column":5}},"type":"if","locations":[{"start":{"line":20,"column":4},"end":{"line":22,"column":5}},{"start":{"line":20,"column":4},"end":{"line":22,"column":5}}],"line":20},"3":{"loc":{"start":{"line":25,"column":6},"end":{"line":33,"column":7}},"type":"if","locations":[{"start":{"line":25,"column":6},"end":{"line":33,"column":7}},{"start":{"line":25,"column":6},"end":{"line":33,"column":7}}],"line":25}},"s":{"0":1,"1":1,"2":1,"3":1,"4":1,"5":1,"6":0,"7":0,"8":0,"9":0,"10":0,"11":0,"12":0,"13":0,"14":0,"15":0,"16":0,"17":1,"18":1},"f":{"0":0,"1":0},"b":{"0":[0,0],"1":[0,0],"2":[0,0],"3":[0,0]},"inputSourceMap":{"version":3,"sources":["verify-token.js"],"names":["verifyToken","request","response","next","token","headers","authorization","checkBearer","startsWith","slice","length","jwt","verify","process","env","JWT_KEY","err","decoded","json","success","message","createError","Unauthorized"],"mappings":";;;;;;;;;AAAA;;AACA;;AAEA,IAAMA,WAAW,GAAG,SAAdA,WAAc,CAACC,OAAD,EAAUC,QAAV,EAAoBC,IAApB,EAA6B;AAC/C,MAAIC,KAAK,GAAGH,OAAO,CAACI,OAAR,CAAgB,gBAAhB,KAAqCJ,OAAO,CAACI,OAAR,CAAgBC,aAAjE,CAD+C,CAE/C;;AACA,MAAIC,WAAW,GAAG,SAAlB;;AAEA,MAAIH,KAAJ,EAAW;AACT,QAAIA,KAAK,CAACI,UAAN,CAAiBD,WAAjB,CAAJ,EAAmC;AACjCH,MAAAA,KAAK,GAAGA,KAAK,CAACK,KAAN,CAAYF,WAAW,CAACG,MAAxB,EAAgCN,KAAK,CAACM,MAAtC,CAAR;AACD;;AACDC,6BAAIC,MAAJ,CAAWR,KAAX,EAAkBS,OAAO,CAACC,GAAR,CAAYC,OAA9B,EAAuC,UAACC,GAAD,EAAMC,OAAN,EAAkB;AACvD,UAAID,GAAJ,EAAS;AACPd,QAAAA,QAAQ,CAACgB,IAAT,CAAc;AACZC,UAAAA,OAAO,EAAE,KADG;AAEZC,UAAAA,OAAO,EAAE;AAFG,SAAd;AAID,OALD,MAKO;AACLnB,QAAAA,OAAO,CAACgB,OAAR,GAAkBA,OAAlB;AACAd,QAAAA,IAAI;AACL;AACF,KAVD;AAWD,GAfD,MAeO;AACL,WAAOA,IAAI,CAACkB,uBAAYC,YAAZ,EAAD,CAAX;AACD;AACF,CAvBD;;eAyBetB,W","sourceRoot":"C:\\Users\\okafor jude\\Desktop\\Backend projects\\New folder\\pettysave-backend\\src\\middlewares\\","sourcesContent":["import jwt from \"jsonwebtoken\";\nimport createError from \"http-errors\";\n\nconst verifyToken = (request, response, next) => {\n  let token = request.headers[\"x-access-token\"] || request.headers.authorization;\n  // eslint-disable-next-line prefer-const\n  let checkBearer = \"Bearer \";\n\n  if (token) {\n    if (token.startsWith(checkBearer)) {\n      token = token.slice(checkBearer.length, token.length);\n    }\n    jwt.verify(token, process.env.JWT_KEY, (err, decoded) => {\n      if (err) {\n        response.json({\n          success: false,\n          message: \"Failed to authenticate\",\n        });\n      } else {\n        request.decoded = decoded;\n        next();\n      }\n    });\n  } else {\n    return next(createError.Unauthorized());\n  }\n};\n\nexport default verifyToken;\n"]},"_coverageSchema":"1a1c01bbd47fc00a2c39e90264f33305004495a9","hash":"bfb355ae2b60989fdfa264cdcce67647aeca2af1","contentHash":"d2de3ca2a1e252692b69a4f5d92de681b5c749a793ceae334050ca995bb54c56"},"C:\\Users\\okafor jude\\Desktop\\Backend projects\\New folder\\pettysave-backend\\src\\helpers\\database\\db.js":{"path":"C:\\Users\\okafor jude\\Desktop\\Backend projects\\New folder\\pettysave-backend\\src\\helpers\\database\\db.js","statementMap":{"0":{"start":{"line":3,"column":29},"end":{"line":3,"column":84}},"1":{"start":{"line":5,"column":16},"end":{"line":5,"column":59}},"2":{"start":{"line":7,"column":14},"end":{"line":7,"column":55}},"3":{"start":{"line":9,"column":0},"end":{"line":9,"column":28}},"4":{"start":{"line":11,"column":0},"end":{"line":20,"column":3}},"5":{"start":{"line":17,"column":2},"end":{"line":17,"column":38}},"6":{"start":{"line":19,"column":2},"end":{"line":19,"column":34}},"7":{"start":{"line":22,"column":0},"end":{"line":24,"column":3}},"8":{"start":{"line":23,"column":2},"end":{"line":23,"column":42}}},"fnMap":{"0":{"name":"(anonymous_0)","decl":{"start":{"line":16,"column":8},"end":{"line":16,"column":9}},"loc":{"start":{"line":16,"column":20},"end":{"line":18,"column":1}},"line":16},"1":{"name":"(anonymous_1)","decl":{"start":{"line":18,"column":12},"end":{"line":18,"column":13}},"loc":{"start":{"line":18,"column":27},"end":{"line":20,"column":1}},"line":18},"2":{"name":"(anonymous_2)","decl":{"start":{"line":22,"column":48},"end":{"line":22,"column":49}},"loc":{"start":{"line":22,"column":60},"end":{"line":24,"column":1}},"line":22}},"branchMap":{},"s":{"0":1,"1":1,"2":1,"3":1,"4":1,"5":1,"6":0,"7":1,"8":1},"f":{"0":1,"1":0,"2":1},"b":{},"inputSourceMap":{"version":3,"sources":["db.js"],"names":["dotenv","config","mongoose","connect","process","env","MONGODB_URI","useNewUrlParser","useUnifiedTopology","useCreateIndex","useFindAndModify","then","console","log","err","message","connection","on"],"mappings":";;;;AAAA;;AACA;;AAEAA,mBAAOC,MAAP;;AAEAC,qBACGC,OADH,CACWC,OAAO,CAACC,GAAR,CAAYC,WADvB,EACoC;AAChCC,EAAAA,eAAe,EAAE,IADe;AAEhCC,EAAAA,kBAAkB,EAAE,IAFY;AAGhCC,EAAAA,cAAc,EAAE,IAHgB;AAIhCC,EAAAA,gBAAgB,EAAE;AAJc,CADpC,EAOGC,IAPH,CAOQ,YAAM;AACVC,EAAAA,OAAO,CAACC,GAAR,CAAY,sBAAZ;AACD,CATH,WAUS,UAACC,GAAD;AAAA,SAASF,OAAO,CAACC,GAAR,CAAYC,GAAG,CAACC,OAAhB,CAAT;AAAA,CAVT;;AAYAb,qBAASc,UAAT,CAAoBC,EAApB,CAAuB,WAAvB,EAAoC,YAAM;AACxCL,EAAAA,OAAO,CAACC,GAAR,CAAY,0BAAZ;AACD,CAFD","sourceRoot":"C:\\Users\\okafor jude\\Desktop\\Backend projects\\New folder\\pettysave-backend\\src\\helpers\\database\\","sourcesContent":["import mongoose from \"mongoose\";\nimport dotenv from \"dotenv\";\n\ndotenv.config();\n\nmongoose\n  .connect(process.env.MONGODB_URI, {\n    useNewUrlParser: true,\n    useUnifiedTopology: true,\n    useCreateIndex: true,\n    useFindAndModify: false,\n  })\n  .then(() => {\n    console.log(\"mongodb connected...\");\n  })\n  .catch((err) => console.log(err.message));\n\nmongoose.connection.on(\"connected\", () => {\n  console.log(\"Mongoose connected to db\");\n});\n"]},"_coverageSchema":"1a1c01bbd47fc00a2c39e90264f33305004495a9","hash":"e7f1c7173f59fa1e2826719c535e9509425ad8a6","contentHash":"92c78720b60c43868dff18fb9b22974189b03752054c3fb23fae37bfd7a545eb"},"C:\\Users\\okafor jude\\Desktop\\Backend projects\\New folder\\pettysave-backend\\src\\test\\controllers\\user.test.data.js":{"path":"C:\\Users\\okafor jude\\Desktop\\Backend projects\\New folder\\pettysave-backend\\src\\test\\controllers\\user.test.data.js","statementMap":{"0":{"start":{"line":3,"column":0},"end":{"line":5,"column":3}},"1":{"start":{"line":6,"column":0},"end":{"line":6,"column":70}},"2":{"start":{"line":7,"column":11},"end":{"line":12,"column":1}},"3":{"start":{"line":13,"column":0},"end":{"line":13,"column":20}},"4":{"start":{"line":14,"column":12},"end":{"line":17,"column":1}},"5":{"start":{"line":18,"column":0},"end":{"line":18,"column":22}},"6":{"start":{"line":19,"column":12},"end":{"line":24,"column":1}},"7":{"start":{"line":25,"column":0},"end":{"line":25,"column":22}},"8":{"start":{"line":26,"column":12},"end":{"line":31,"column":1}},"9":{"start":{"line":33,"column":0},"end":{"line":33,"column":22}}},"fnMap":{},"branchMap":{},"s":{"0":1,"1":1,"2":1,"3":1,"4":1,"5":1,"6":1,"7":1,"8":1,"9":1},"f":{},"b":{},"inputSourceMap":{"version":3,"sources":["user.test.data.js"],"names":["user","first_name","last_name","email","password","user2","user3","user4"],"mappings":";;;;;;AAAA,IAAMA,IAAI,GAAG;AACXC,EAAAA,UAAU,EAAE,MADD;AAEXC,EAAAA,SAAS,EAAE,KAFA;AAGXC,EAAAA,KAAK,EAAE,eAHI;AAIXC,EAAAA,QAAQ,EAAE;AAJC,CAAb;;AAOA,IAAMC,KAAK,GAAG;AACZF,EAAAA,KAAK,EAAE,gBADK;AAEZC,EAAAA,QAAQ,EAAE;AAFE,CAAd;;AAKA,IAAME,KAAK,GAAG;AACZL,EAAAA,UAAU,EAAE,QADA;AAEZC,EAAAA,SAAS,EAAE,MAFC;AAGZC,EAAAA,KAAK,EAAE,mBAHK;AAIZC,EAAAA,QAAQ,EAAE;AAJE,CAAd;;AAOA,IAAMG,KAAK,GAAG;AACZN,EAAAA,UAAU,EAAE,MADA;AAEZC,EAAAA,SAAS,EAAE,KAFC;AAGZC,EAAAA,KAAK,EAAE,mBAHK;AAIZC,EAAAA,QAAQ,EAAE;AAJE,CAAd,C,CAMA","sourceRoot":"C:\\Users\\okafor jude\\Desktop\\Backend projects\\New folder\\pettysave-backend\\src\\test\\controllers\\","sourcesContent":["const user = {\n  first_name: \"john\",\n  last_name: \"Doe\",\n  email: \"doe@gmail.com\",\n  password: \"123456\",\n};\n\nconst user2 = {\n  email: \"test@gmail.com\",\n  password: \"123456\",\n};\n\nconst user3 = {\n  first_name: \"Xavier\",\n  last_name: \"Mike\",\n  email: \"johnDoe@gmail.com\",\n  password: \"123456\",\n};\n\nconst user4 = {\n  first_name: \"john\",\n  last_name: \"Doe\",\n  email: \"johnDoe@gmail.com\",\n  password: \"123456\",\n};\n// eslint-disable-next-line object-curly-newline\nexport { user, user2, user3, user4 };\n"]},"_coverageSchema":"1a1c01bbd47fc00a2c39e90264f33305004495a9","hash":"0523ccfb59fba0ec3f229a09c43f77ea91425dbe","contentHash":"e8b123b3baabf7f7f464a38bde595ec38e12af3798473bc58c171c3fd132e2af"},"C:\\Users\\okafor jude\\Desktop\\Backend projects\\New folder\\pettysave-backend\\src\\test\\controllers\\login.test.data.js":{"path":"C:\\Users\\okafor jude\\Desktop\\Backend projects\\New folder\\pettysave-backend\\src\\test\\controllers\\login.test.data.js","statementMap":{"0":{"start":{"line":3,"column":0},"end":{"line":5,"column":3}},"1":{"start":{"line":6,"column":0},"end":{"line":6,"column":104}},"2":{"start":{"line":7,"column":12},"end":{"line":10,"column":1}},"3":{"start":{"line":11,"column":0},"end":{"line":11,"column":22}},"4":{"start":{"line":12,"column":13},"end":{"line":14,"column":1}},"5":{"start":{"line":15,"column":0},"end":{"line":15,"column":24}},"6":{"start":{"line":16,"column":13},"end":{"line":16,"column":15}},"7":{"start":{"line":17,"column":0},"end":{"line":17,"column":24}},"8":{"start":{"line":18,"column":19},"end":{"line":20,"column":1}},"9":{"start":{"line":21,"column":0},"end":{"line":21,"column":36}},"10":{"start":{"line":22,"column":20},"end":{"line":24,"column":1}},"11":{"start":{"line":25,"column":0},"end":{"line":25,"column":38}}},"fnMap":{},"branchMap":{},"s":{"0":1,"1":1,"2":1,"3":1,"4":1,"5":1,"6":1,"7":1,"8":1,"9":1,"10":1,"11":1},"f":{},"b":{},"inputSourceMap":{"version":3,"sources":["login.test.data.js"],"names":["login","email","password","login2","login3","refreshToken","refreshedToken","refreshToken2"],"mappings":";;;;;;AAAA,IAAMA,KAAK,GAAG;AACZC,EAAAA,KAAK,EAAE,eADK;AAEZC,EAAAA,QAAQ,EAAE;AAFE,CAAd;;AAKA,IAAMC,MAAM,GAAG;AACbD,EAAAA,QAAQ,EAAE;AADG,CAAf;;AAIA,IAAME,MAAM,GAAG,EAAf;;AAEA,IAAMC,YAAY,GAAG;AACnBC,EAAAA,cAAc,EACZ;AAFiB,CAArB;;AAIA,IAAMC,aAAa,GAAG;AACpBD,EAAAA,cAAc,EAAE;AADI,CAAtB","sourceRoot":"C:\\Users\\okafor jude\\Desktop\\Backend projects\\New folder\\pettysave-backend\\src\\test\\controllers\\","sourcesContent":["const login = {\n  email: \"doe@gmail.com\",\n  password: \"123456\",\n};\n\nconst login2 = {\n  password: \"123456\",\n};\n\nconst login3 = {};\n\nconst refreshToken = {\n  refreshedToken:\n    \"eyJhbGciOiJIUzI1NiIsInR5cCI6IkpXVCJ9.eyJ1c2VyIjp7InZlcmlmaWVkIjpmYWxzZSwiX2lkIjoiNWZhMmZkNjUyOTE1MzczOWE4Yjc3NDZmIiwibmFtZSI6InRlc3QiLCJlbWFpbCI6InRlc3QzQG1haWwuaW8iLCJwYXNzd29yZCI6IiQyYSQxMCRtM1o0QnZKOHEvRHEzNDBndjBNUXMubnp1WjBoVThqS2JUWUkuR3JFakx2WHFVd2U0UGhxSyIsImNyZWF0ZWRBdCI6IjIwMjAtMTEtMDRUMTk6MTM6NDEuNTk1WiIsInVwZGF0ZWRBdCI6IjIwMjAtMTEtMDRUMTk6MTM6NDEuNTk1WiIsIl9fdiI6MH0sImlhdCI6MTYwNDUxNzQxOCwiZXhwIjoxNjA1MTIyMjE4fQ.MmKg-Qv36GLSshP2R-9D9H_UM-xSzF4_X_GDW8GTtFo\",\n};\nconst refreshToken2 = {\n  refreshedToken: \"\",\n};\n\nexport {\n  login, login2, login3, refreshToken, refreshToken2,\n};\n"]},"_coverageSchema":"1a1c01bbd47fc00a2c39e90264f33305004495a9","hash":"b6e17020b37e6bd11d8c18aa65cb0731d2a8c8e1","contentHash":"faae756bc54dd39207a0315abcbf4d013a47c2025f9c0e916c2cd12cba7663af"}}